This file contains any messages produced by compilers while
running configure, to aid debugging if configure makes a mistake.

It was created by dosbox configure SVN, which was
generated by GNU Autoconf 2.69.  Invocation command line was

  $ ./configure --disable-opengl --disable-sdltest --disable-alsatest --without-alsa --without-sdltest --without-opengl --build=i386-linux --host=armv7l-analogics-linux-gnueabi --target=armv7l-analogics-linux-gnueabi --prefix=/home/ganesh/dosbox-svn/335x

## --------- ##
## Platform. ##
## --------- ##

hostname = pessimist
uname -m = x86_64
uname -r = 4.2.0-42-generic
uname -s = Linux
uname -v = #49~14.04.1-Ubuntu SMP Wed Jun 29 20:22:11 UTC 2016

/usr/bin/uname -p = unknown
/bin/uname -X     = unknown

/bin/arch              = unknown
/usr/bin/arch -k       = unknown
/usr/convex/getsysinfo = unknown
/usr/bin/hostinfo      = unknown
/bin/machine           = unknown
/usr/bin/oslevel       = unknown
/bin/universe          = unknown

PATH: /opt/analogics/am335x_sk/toolchain/bin
PATH: /opt/analogics/am335x_sk/toolchain/sbin
PATH: /usr/local/sbin
PATH: /usr/local/bin
PATH: /usr/sbin
PATH: /usr/bin
PATH: /sbin
PATH: /bin
PATH: /usr/games
PATH: /usr/local/games


## ----------- ##
## Core tests. ##
## ----------- ##

configure:2516: checking build system type
configure:2530: result: i386-pc-linux-gnu
configure:2550: checking host system type
configure:2563: result: armv7l-analogics-linux-gnueabi
configure:2601: checking for a BSD-compatible install
configure:2669: result: /usr/bin/install -c
configure:2680: checking whether build environment is sane
configure:2735: result: yes
configure:2794: checking for armv7l-analogics-linux-gnueabi-strip
configure:2810: found /opt/analogics/am335x_sk/toolchain/bin/armv7l-analogics-linux-gnueabi-strip
configure:2821: result: armv7l-analogics-linux-gnueabi-strip
configure:2886: checking for a thread-safe mkdir -p
configure:2925: result: /bin/mkdir -p
configure:2932: checking for gawk
configure:2962: result: no
configure:2932: checking for mawk
configure:2948: found /usr/bin/mawk
configure:2959: result: mawk
configure:2970: checking whether make sets $(MAKE)
configure:2992: result: yes
configure:3021: checking whether make supports nested variables
configure:3038: result: yes
configure:3166: checking whether make sets $(MAKE)
configure:3188: result: yes
configure:3205: checking for armv7l-analogics-linux-gnueabi-gcc
configure:3232: result: armv7l-analogics-linux-gnueabi-gcc
configure:3501: checking for C compiler version
configure:3510: armv7l-analogics-linux-gnueabi-gcc --version >&5
armv7l-analogics-linux-gnueabi-gcc (Timesys 20140729) 4.8.2
Copyright (C) 2013 Free Software Foundation, Inc.
This is free software; see the source for copying conditions.  There is NO
warranty; not even for MERCHANTABILITY or FITNESS FOR A PARTICULAR PURPOSE.

configure:3521: $? = 0
configure:3510: armv7l-analogics-linux-gnueabi-gcc -v >&5
Using built-in specs.
COLLECT_GCC=armv7l-analogics-linux-gnueabi-gcc
COLLECT_LTO_WRAPPER=/opt/analogics/am335x_sk/toolchain/bin/../libexec/gcc/armv7l-analogics-linux-gnueabi/4.8.2/lto-wrapper
Target: armv7l-analogics-linux-gnueabi
Configured with: /home/user/FILESYSTEM/factory/build_armv7l-analogics-linux-gnueabi/gcc-4.8.2/gcc-4.8.2/configure --target=armv7l-analogics-linux-gnueabi --host=i686-redhat-linux --build=i686-redhat-linux --prefix=/home/user/FILESYSTEM/factory/build_armv7l-analogics-linux-gnueabi/toolchain --with-sysroot=/home/user/FILESYSTEM/factory/build_armv7l-analogics-linux-gnueabi/toolchain --enable-languages=c,c++ --with-gmp=/home/user/FILESYSTEM/factory/build_armv7l-analogics-linux-gnueabi/gmp-5.1.1/gmp-host-install --with-mpfr=/home/user/FILESYSTEM/factory/build_armv7l-analogics-linux-gnueabi/mpfr-3.1.1/mpfr-host-install --with-mpc=/home/user/FILESYSTEM/factory/build_armv7l-analogics-linux-gnueabi/mpc-1.0/mpc-host-install --with-libelf=/home/user/FILESYSTEM/factory/build_armv7l-analogics-linux-gnueabi/libelf-0.8.13/libelf-host-install --disable-nls --disable-libgcj --disable-libmudflap --disable-libssp --disable-libquadmath --disable-libgomp --enable-checking=release --with-system-zlib --with-cpu=cortex-a8 --with-fpu=vfpv3 --with-float=softfp --with-gnu-as --with-gnu-ld --enable-shared --enable-symvers=gnu --enable-__cxa_atexit --disable-nls --enable-threads --with-pkgversion='Timesys 20140729' --with-bugurl=https://linuxlink.timesys.com/support
Thread model: posix
gcc version 4.8.2 (Timesys 20140729) 
configure:3521: $? = 0
configure:3510: armv7l-analogics-linux-gnueabi-gcc -V >&5
armv7l-analogics-linux-gnueabi-gcc: error: unrecognized command line option '-V'
armv7l-analogics-linux-gnueabi-gcc: fatal error: no input files
compilation terminated.
configure:3521: $? = 1
configure:3510: armv7l-analogics-linux-gnueabi-gcc -qversion >&5
armv7l-analogics-linux-gnueabi-gcc: error: unrecognized command line option '-qversion'
armv7l-analogics-linux-gnueabi-gcc: fatal error: no input files
compilation terminated.
configure:3521: $? = 1
configure:3541: checking whether the C compiler works
configure:3563: armv7l-analogics-linux-gnueabi-gcc    conftest.c  >&5
configure:3567: $? = 0
configure:3615: result: yes
configure:3618: checking for C compiler default output file name
configure:3620: result: a.out
configure:3626: checking for suffix of executables
configure:3633: armv7l-analogics-linux-gnueabi-gcc -o conftest    conftest.c  >&5
configure:3637: $? = 0
configure:3659: result: 
configure:3681: checking whether we are cross compiling
configure:3719: result: yes
configure:3724: checking for suffix of object files
configure:3746: armv7l-analogics-linux-gnueabi-gcc -c   conftest.c >&5
configure:3750: $? = 0
configure:3771: result: o
configure:3775: checking whether we are using the GNU C compiler
configure:3794: armv7l-analogics-linux-gnueabi-gcc -c   conftest.c >&5
configure:3794: $? = 0
configure:3803: result: yes
configure:3812: checking whether armv7l-analogics-linux-gnueabi-gcc accepts -g
configure:3832: armv7l-analogics-linux-gnueabi-gcc -c -g  conftest.c >&5
configure:3832: $? = 0
configure:3873: result: yes
configure:3890: checking for armv7l-analogics-linux-gnueabi-gcc option to accept ISO C89
configure:3953: armv7l-analogics-linux-gnueabi-gcc  -c -g -O2  conftest.c >&5
configure:3953: $? = 0
configure:3966: result: none needed
configure:3991: checking whether armv7l-analogics-linux-gnueabi-gcc understands -c and -o together
configure:4013: armv7l-analogics-linux-gnueabi-gcc -c conftest.c -o conftest2.o
configure:4016: $? = 0
configure:4013: armv7l-analogics-linux-gnueabi-gcc -c conftest.c -o conftest2.o
configure:4016: $? = 0
configure:4028: result: yes
configure:4056: checking for style of include used by make
configure:4084: result: GNU
configure:4110: checking dependency style of armv7l-analogics-linux-gnueabi-gcc
configure:4221: result: gcc3
configure:4241: checking how to run the C preprocessor
configure:4272: armv7l-analogics-linux-gnueabi-gcc -E  conftest.c
configure:4272: $? = 0
configure:4286: armv7l-analogics-linux-gnueabi-gcc -E  conftest.c
conftest.c:11:28: fatal error: ac_nonexistent.h: No such file or directory
 #include <ac_nonexistent.h>
                            ^
compilation terminated.
configure:4286: $? = 1
configure: failed program was:
| /* confdefs.h */
| #define PACKAGE_NAME "dosbox"
| #define PACKAGE_TARNAME "dosbox"
| #define PACKAGE_VERSION "SVN"
| #define PACKAGE_STRING "dosbox SVN"
| #define PACKAGE_BUGREPORT ""
| #define PACKAGE_URL ""
| #define PACKAGE "dosbox"
| #define VERSION "SVN"
| /* end confdefs.h.  */
| #include <ac_nonexistent.h>
configure:4311: result: armv7l-analogics-linux-gnueabi-gcc -E
configure:4331: armv7l-analogics-linux-gnueabi-gcc -E  conftest.c
configure:4331: $? = 0
configure:4345: armv7l-analogics-linux-gnueabi-gcc -E  conftest.c
conftest.c:11:28: fatal error: ac_nonexistent.h: No such file or directory
 #include <ac_nonexistent.h>
                            ^
compilation terminated.
configure:4345: $? = 1
configure: failed program was:
| /* confdefs.h */
| #define PACKAGE_NAME "dosbox"
| #define PACKAGE_TARNAME "dosbox"
| #define PACKAGE_VERSION "SVN"
| #define PACKAGE_STRING "dosbox SVN"
| #define PACKAGE_BUGREPORT ""
| #define PACKAGE_URL ""
| #define PACKAGE "dosbox"
| #define VERSION "SVN"
| /* end confdefs.h.  */
| #include <ac_nonexistent.h>
configure:4485: checking for C++ compiler version
configure:4494: armv7l-analogics-linux-gnueabi-g++ --version >&5
armv7l-analogics-linux-gnueabi-g++ (Timesys 20140729) 4.8.2
Copyright (C) 2013 Free Software Foundation, Inc.
This is free software; see the source for copying conditions.  There is NO
warranty; not even for MERCHANTABILITY or FITNESS FOR A PARTICULAR PURPOSE.

configure:4505: $? = 0
configure:4494: armv7l-analogics-linux-gnueabi-g++ -v >&5
Using built-in specs.
COLLECT_GCC=armv7l-analogics-linux-gnueabi-g++
COLLECT_LTO_WRAPPER=/opt/analogics/am335x_sk/toolchain/bin/../libexec/gcc/armv7l-analogics-linux-gnueabi/4.8.2/lto-wrapper
Target: armv7l-analogics-linux-gnueabi
Configured with: /home/user/FILESYSTEM/factory/build_armv7l-analogics-linux-gnueabi/gcc-4.8.2/gcc-4.8.2/configure --target=armv7l-analogics-linux-gnueabi --host=i686-redhat-linux --build=i686-redhat-linux --prefix=/home/user/FILESYSTEM/factory/build_armv7l-analogics-linux-gnueabi/toolchain --with-sysroot=/home/user/FILESYSTEM/factory/build_armv7l-analogics-linux-gnueabi/toolchain --enable-languages=c,c++ --with-gmp=/home/user/FILESYSTEM/factory/build_armv7l-analogics-linux-gnueabi/gmp-5.1.1/gmp-host-install --with-mpfr=/home/user/FILESYSTEM/factory/build_armv7l-analogics-linux-gnueabi/mpfr-3.1.1/mpfr-host-install --with-mpc=/home/user/FILESYSTEM/factory/build_armv7l-analogics-linux-gnueabi/mpc-1.0/mpc-host-install --with-libelf=/home/user/FILESYSTEM/factory/build_armv7l-analogics-linux-gnueabi/libelf-0.8.13/libelf-host-install --disable-nls --disable-libgcj --disable-libmudflap --disable-libssp --disable-libquadmath --disable-libgomp --enable-checking=release --with-system-zlib --with-cpu=cortex-a8 --with-fpu=vfpv3 --with-float=softfp --with-gnu-as --with-gnu-ld --enable-shared --enable-symvers=gnu --enable-__cxa_atexit --disable-nls --enable-threads --with-pkgversion='Timesys 20140729' --with-bugurl=https://linuxlink.timesys.com/support
Thread model: posix
gcc version 4.8.2 (Timesys 20140729) 
configure:4505: $? = 0
configure:4494: armv7l-analogics-linux-gnueabi-g++ -V >&5
armv7l-analogics-linux-gnueabi-g++: error: unrecognized command line option '-V'
armv7l-analogics-linux-gnueabi-g++: fatal error: no input files
compilation terminated.
configure:4505: $? = 1
configure:4494: armv7l-analogics-linux-gnueabi-g++ -qversion >&5
armv7l-analogics-linux-gnueabi-g++: error: unrecognized command line option '-qversion'
armv7l-analogics-linux-gnueabi-g++: fatal error: no input files
compilation terminated.
configure:4505: $? = 1
configure:4509: checking whether we are using the GNU C++ compiler
configure:4528: armv7l-analogics-linux-gnueabi-g++ -c   conftest.cpp >&5
configure:4528: $? = 0
configure:4537: result: yes
configure:4546: checking whether armv7l-analogics-linux-gnueabi-g++ accepts -g
configure:4566: armv7l-analogics-linux-gnueabi-g++ -c -g  conftest.cpp >&5
configure:4566: $? = 0
configure:4607: result: yes
configure:4632: checking dependency style of armv7l-analogics-linux-gnueabi-g++
configure:4743: result: gcc3
configure:4762: checking for armv7l-analogics-linux-gnueabi-ranlib
configure:4778: found /opt/analogics/am335x_sk/toolchain/bin/armv7l-analogics-linux-gnueabi-ranlib
configure:4789: result: armv7l-analogics-linux-gnueabi-ranlib
configure:4899: checking for sdl-config
configure:4917: found /opt/analogics/am335x_sk/toolchain/bin/sdl-config
configure:4930: result: /opt/analogics/am335x_sk/toolchain/bin/sdl-config
configure:4939: checking for SDL - version >= 1.2.0
configure:5038: result: yes
configure:5104: checking SDL version only being 1.2.X
configure:5118: armv7l-analogics-linux-gnueabi-gcc -c -g -O2  -I/opt/analogics/am335x_sk/toolchain/include/SDL -D_GNU_SOURCE=1 -D_REENTRANT conftest.c >&5
configure:5118: $? = 0
configure:5119: result: yes
configure:5130: checking for an ANSI C-conforming const
configure:5196: armv7l-analogics-linux-gnueabi-gcc -c -g -O2  -I/opt/analogics/am335x_sk/toolchain/include/SDL -D_GNU_SOURCE=1 -D_REENTRANT conftest.c >&5
configure:5196: $? = 0
configure:5203: result: yes
configure:5211: checking for inline
configure:5227: armv7l-analogics-linux-gnueabi-gcc -c -g -O2  -I/opt/analogics/am335x_sk/toolchain/include/SDL -D_GNU_SOURCE=1 -D_REENTRANT conftest.c >&5
configure:5227: $? = 0
configure:5235: result: inline
configure:5254: checking for grep that handles long lines and -e
configure:5312: result: /bin/grep
configure:5317: checking for egrep
configure:5379: result: /bin/grep -E
configure:5384: checking for ANSI C header files
configure:5404: armv7l-analogics-linux-gnueabi-gcc -c -g -O2  -I/opt/analogics/am335x_sk/toolchain/include/SDL -D_GNU_SOURCE=1 -D_REENTRANT conftest.c >&5
configure:5404: $? = 0
configure:5488: result: yes
configure:5501: checking for sys/types.h
configure:5501: armv7l-analogics-linux-gnueabi-gcc -c -g -O2  -I/opt/analogics/am335x_sk/toolchain/include/SDL -D_GNU_SOURCE=1 -D_REENTRANT conftest.c >&5
configure:5501: $? = 0
configure:5501: result: yes
configure:5501: checking for sys/stat.h
configure:5501: armv7l-analogics-linux-gnueabi-gcc -c -g -O2  -I/opt/analogics/am335x_sk/toolchain/include/SDL -D_GNU_SOURCE=1 -D_REENTRANT conftest.c >&5
configure:5501: $? = 0
configure:5501: result: yes
configure:5501: checking for stdlib.h
configure:5501: armv7l-analogics-linux-gnueabi-gcc -c -g -O2  -I/opt/analogics/am335x_sk/toolchain/include/SDL -D_GNU_SOURCE=1 -D_REENTRANT conftest.c >&5
configure:5501: $? = 0
configure:5501: result: yes
configure:5501: checking for string.h
configure:5501: armv7l-analogics-linux-gnueabi-gcc -c -g -O2  -I/opt/analogics/am335x_sk/toolchain/include/SDL -D_GNU_SOURCE=1 -D_REENTRANT conftest.c >&5
configure:5501: $? = 0
configure:5501: result: yes
configure:5501: checking for memory.h
configure:5501: armv7l-analogics-linux-gnueabi-gcc -c -g -O2  -I/opt/analogics/am335x_sk/toolchain/include/SDL -D_GNU_SOURCE=1 -D_REENTRANT conftest.c >&5
configure:5501: $? = 0
configure:5501: result: yes
configure:5501: checking for strings.h
configure:5501: armv7l-analogics-linux-gnueabi-gcc -c -g -O2  -I/opt/analogics/am335x_sk/toolchain/include/SDL -D_GNU_SOURCE=1 -D_REENTRANT conftest.c >&5
configure:5501: $? = 0
configure:5501: result: yes
configure:5501: checking for inttypes.h
configure:5501: armv7l-analogics-linux-gnueabi-gcc -c -g -O2  -I/opt/analogics/am335x_sk/toolchain/include/SDL -D_GNU_SOURCE=1 -D_REENTRANT conftest.c >&5
configure:5501: $? = 0
configure:5501: result: yes
configure:5501: checking for stdint.h
configure:5501: armv7l-analogics-linux-gnueabi-gcc -c -g -O2  -I/opt/analogics/am335x_sk/toolchain/include/SDL -D_GNU_SOURCE=1 -D_REENTRANT conftest.c >&5
configure:5501: $? = 0
configure:5501: result: yes
configure:5501: checking for unistd.h
configure:5501: armv7l-analogics-linux-gnueabi-gcc -c -g -O2  -I/opt/analogics/am335x_sk/toolchain/include/SDL -D_GNU_SOURCE=1 -D_REENTRANT conftest.c >&5
configure:5501: $? = 0
configure:5501: result: yes
configure:5513: checking for size_t
configure:5513: armv7l-analogics-linux-gnueabi-gcc -c -g -O2  -I/opt/analogics/am335x_sk/toolchain/include/SDL -D_GNU_SOURCE=1 -D_REENTRANT conftest.c >&5
configure:5513: $? = 0
configure:5513: armv7l-analogics-linux-gnueabi-gcc -c -g -O2  -I/opt/analogics/am335x_sk/toolchain/include/SDL -D_GNU_SOURCE=1 -D_REENTRANT conftest.c >&5
conftest.c: In function 'main':
conftest.c:57:21: error: expected expression before ')' token
 if (sizeof ((size_t)))
                     ^
configure:5513: $? = 1
configure: failed program was:
| /* confdefs.h */
| #define PACKAGE_NAME "dosbox"
| #define PACKAGE_TARNAME "dosbox"
| #define PACKAGE_VERSION "SVN"
| #define PACKAGE_STRING "dosbox SVN"
| #define PACKAGE_BUGREPORT ""
| #define PACKAGE_URL ""
| #define PACKAGE "dosbox"
| #define VERSION "SVN"
| #define STDC_HEADERS 1
| #define HAVE_SYS_TYPES_H 1
| #define HAVE_SYS_STAT_H 1
| #define HAVE_STDLIB_H 1
| #define HAVE_STRING_H 1
| #define HAVE_MEMORY_H 1
| #define HAVE_STRINGS_H 1
| #define HAVE_INTTYPES_H 1
| #define HAVE_STDINT_H 1
| #define HAVE_UNISTD_H 1
| /* end confdefs.h.  */
| #include <stdio.h>
| #ifdef HAVE_SYS_TYPES_H
| # include <sys/types.h>
| #endif
| #ifdef HAVE_SYS_STAT_H
| # include <sys/stat.h>
| #endif
| #ifdef STDC_HEADERS
| # include <stdlib.h>
| # include <stddef.h>
| #else
| # ifdef HAVE_STDLIB_H
| #  include <stdlib.h>
| # endif
| #endif
| #ifdef HAVE_STRING_H
| # if !defined STDC_HEADERS && defined HAVE_MEMORY_H
| #  include <memory.h>
| # endif
| # include <string.h>
| #endif
| #ifdef HAVE_STRINGS_H
| # include <strings.h>
| #endif
| #ifdef HAVE_INTTYPES_H
| # include <inttypes.h>
| #endif
| #ifdef HAVE_STDINT_H
| # include <stdint.h>
| #endif
| #ifdef HAVE_UNISTD_H
| # include <unistd.h>
| #endif
| int
| main ()
| {
| if (sizeof ((size_t)))
| 	    return 0;
|   ;
|   return 0;
| }
configure:5513: result: yes
configure:5524: checking whether struct tm is in sys/time.h or time.h
configure:5544: armv7l-analogics-linux-gnueabi-gcc -c -g -O2  -I/opt/analogics/am335x_sk/toolchain/include/SDL -D_GNU_SOURCE=1 -D_REENTRANT conftest.c >&5
configure:5544: $? = 0
configure:5551: result: time.h
configure:5563: checking size of unsigned char
configure:5568: armv7l-analogics-linux-gnueabi-gcc -c -g -O2  -I/opt/analogics/am335x_sk/toolchain/include/SDL -D_GNU_SOURCE=1 -D_REENTRANT conftest.c >&5
configure:5568: $? = 0
configure:5568: armv7l-analogics-linux-gnueabi-gcc -c -g -O2  -I/opt/analogics/am335x_sk/toolchain/include/SDL -D_GNU_SOURCE=1 -D_REENTRANT conftest.c >&5
conftest.c: In function 'main':
conftest.c:57:12: error: size of array 'test_array' is negative
 static int test_array [1 - 2 * !(((long int) (sizeof (unsigned char))) <= 0)];
            ^
configure:5568: $? = 1
configure: failed program was:
| /* confdefs.h */
| #define PACKAGE_NAME "dosbox"
| #define PACKAGE_TARNAME "dosbox"
| #define PACKAGE_VERSION "SVN"
| #define PACKAGE_STRING "dosbox SVN"
| #define PACKAGE_BUGREPORT ""
| #define PACKAGE_URL ""
| #define PACKAGE "dosbox"
| #define VERSION "SVN"
| #define STDC_HEADERS 1
| #define HAVE_SYS_TYPES_H 1
| #define HAVE_SYS_STAT_H 1
| #define HAVE_STDLIB_H 1
| #define HAVE_STRING_H 1
| #define HAVE_MEMORY_H 1
| #define HAVE_STRINGS_H 1
| #define HAVE_INTTYPES_H 1
| #define HAVE_STDINT_H 1
| #define HAVE_UNISTD_H 1
| /* end confdefs.h.  */
| #include <stdio.h>
| #ifdef HAVE_SYS_TYPES_H
| # include <sys/types.h>
| #endif
| #ifdef HAVE_SYS_STAT_H
| # include <sys/stat.h>
| #endif
| #ifdef STDC_HEADERS
| # include <stdlib.h>
| # include <stddef.h>
| #else
| # ifdef HAVE_STDLIB_H
| #  include <stdlib.h>
| # endif
| #endif
| #ifdef HAVE_STRING_H
| # if !defined STDC_HEADERS && defined HAVE_MEMORY_H
| #  include <memory.h>
| # endif
| # include <string.h>
| #endif
| #ifdef HAVE_STRINGS_H
| # include <strings.h>
| #endif
| #ifdef HAVE_INTTYPES_H
| # include <inttypes.h>
| #endif
| #ifdef HAVE_STDINT_H
| # include <stdint.h>
| #endif
| #ifdef HAVE_UNISTD_H
| # include <unistd.h>
| #endif
| int
| main ()
| {
| static int test_array [1 - 2 * !(((long int) (sizeof (unsigned char))) <= 0)];
| test_array [0] = 0;
| return test_array [0];
| 
|   ;
|   return 0;
| }
configure:5568: armv7l-analogics-linux-gnueabi-gcc -c -g -O2  -I/opt/analogics/am335x_sk/toolchain/include/SDL -D_GNU_SOURCE=1 -D_REENTRANT conftest.c >&5
configure:5568: $? = 0
configure:5582: result: 1
configure:5596: checking size of unsigned short
configure:5601: armv7l-analogics-linux-gnueabi-gcc -c -g -O2  -I/opt/analogics/am335x_sk/toolchain/include/SDL -D_GNU_SOURCE=1 -D_REENTRANT conftest.c >&5
configure:5601: $? = 0
configure:5601: armv7l-analogics-linux-gnueabi-gcc -c -g -O2  -I/opt/analogics/am335x_sk/toolchain/include/SDL -D_GNU_SOURCE=1 -D_REENTRANT conftest.c >&5
conftest.c: In function 'main':
conftest.c:58:12: error: size of array 'test_array' is negative
 static int test_array [1 - 2 * !(((long int) (sizeof (unsigned short))) <= 0)];
            ^
configure:5601: $? = 1
configure: failed program was:
| /* confdefs.h */
| #define PACKAGE_NAME "dosbox"
| #define PACKAGE_TARNAME "dosbox"
| #define PACKAGE_VERSION "SVN"
| #define PACKAGE_STRING "dosbox SVN"
| #define PACKAGE_BUGREPORT ""
| #define PACKAGE_URL ""
| #define PACKAGE "dosbox"
| #define VERSION "SVN"
| #define STDC_HEADERS 1
| #define HAVE_SYS_TYPES_H 1
| #define HAVE_SYS_STAT_H 1
| #define HAVE_STDLIB_H 1
| #define HAVE_STRING_H 1
| #define HAVE_MEMORY_H 1
| #define HAVE_STRINGS_H 1
| #define HAVE_INTTYPES_H 1
| #define HAVE_STDINT_H 1
| #define HAVE_UNISTD_H 1
| #define SIZEOF_UNSIGNED_CHAR 1
| /* end confdefs.h.  */
| #include <stdio.h>
| #ifdef HAVE_SYS_TYPES_H
| # include <sys/types.h>
| #endif
| #ifdef HAVE_SYS_STAT_H
| # include <sys/stat.h>
| #endif
| #ifdef STDC_HEADERS
| # include <stdlib.h>
| # include <stddef.h>
| #else
| # ifdef HAVE_STDLIB_H
| #  include <stdlib.h>
| # endif
| #endif
| #ifdef HAVE_STRING_H
| # if !defined STDC_HEADERS && defined HAVE_MEMORY_H
| #  include <memory.h>
| # endif
| # include <string.h>
| #endif
| #ifdef HAVE_STRINGS_H
| # include <strings.h>
| #endif
| #ifdef HAVE_INTTYPES_H
| # include <inttypes.h>
| #endif
| #ifdef HAVE_STDINT_H
| # include <stdint.h>
| #endif
| #ifdef HAVE_UNISTD_H
| # include <unistd.h>
| #endif
| int
| main ()
| {
| static int test_array [1 - 2 * !(((long int) (sizeof (unsigned short))) <= 0)];
| test_array [0] = 0;
| return test_array [0];
| 
|   ;
|   return 0;
| }
configure:5601: armv7l-analogics-linux-gnueabi-gcc -c -g -O2  -I/opt/analogics/am335x_sk/toolchain/include/SDL -D_GNU_SOURCE=1 -D_REENTRANT conftest.c >&5
conftest.c: In function 'main':
conftest.c:58:12: error: size of array 'test_array' is negative
 static int test_array [1 - 2 * !(((long int) (sizeof (unsigned short))) <= 1)];
            ^
configure:5601: $? = 1
configure: failed program was:
| /* confdefs.h */
| #define PACKAGE_NAME "dosbox"
| #define PACKAGE_TARNAME "dosbox"
| #define PACKAGE_VERSION "SVN"
| #define PACKAGE_STRING "dosbox SVN"
| #define PACKAGE_BUGREPORT ""
| #define PACKAGE_URL ""
| #define PACKAGE "dosbox"
| #define VERSION "SVN"
| #define STDC_HEADERS 1
| #define HAVE_SYS_TYPES_H 1
| #define HAVE_SYS_STAT_H 1
| #define HAVE_STDLIB_H 1
| #define HAVE_STRING_H 1
| #define HAVE_MEMORY_H 1
| #define HAVE_STRINGS_H 1
| #define HAVE_INTTYPES_H 1
| #define HAVE_STDINT_H 1
| #define HAVE_UNISTD_H 1
| #define SIZEOF_UNSIGNED_CHAR 1
| /* end confdefs.h.  */
| #include <stdio.h>
| #ifdef HAVE_SYS_TYPES_H
| # include <sys/types.h>
| #endif
| #ifdef HAVE_SYS_STAT_H
| # include <sys/stat.h>
| #endif
| #ifdef STDC_HEADERS
| # include <stdlib.h>
| # include <stddef.h>
| #else
| # ifdef HAVE_STDLIB_H
| #  include <stdlib.h>
| # endif
| #endif
| #ifdef HAVE_STRING_H
| # if !defined STDC_HEADERS && defined HAVE_MEMORY_H
| #  include <memory.h>
| # endif
| # include <string.h>
| #endif
| #ifdef HAVE_STRINGS_H
| # include <strings.h>
| #endif
| #ifdef HAVE_INTTYPES_H
| # include <inttypes.h>
| #endif
| #ifdef HAVE_STDINT_H
| # include <stdint.h>
| #endif
| #ifdef HAVE_UNISTD_H
| # include <unistd.h>
| #endif
| int
| main ()
| {
| static int test_array [1 - 2 * !(((long int) (sizeof (unsigned short))) <= 1)];
| test_array [0] = 0;
| return test_array [0];
| 
|   ;
|   return 0;
| }
configure:5601: armv7l-analogics-linux-gnueabi-gcc -c -g -O2  -I/opt/analogics/am335x_sk/toolchain/include/SDL -D_GNU_SOURCE=1 -D_REENTRANT conftest.c >&5
configure:5601: $? = 0
configure:5601: armv7l-analogics-linux-gnueabi-gcc -c -g -O2  -I/opt/analogics/am335x_sk/toolchain/include/SDL -D_GNU_SOURCE=1 -D_REENTRANT conftest.c >&5
configure:5601: $? = 0
configure:5615: result: 2
configure:5629: checking size of unsigned int
configure:5634: armv7l-analogics-linux-gnueabi-gcc -c -g -O2  -I/opt/analogics/am335x_sk/toolchain/include/SDL -D_GNU_SOURCE=1 -D_REENTRANT conftest.c >&5
configure:5634: $? = 0
configure:5634: armv7l-analogics-linux-gnueabi-gcc -c -g -O2  -I/opt/analogics/am335x_sk/toolchain/include/SDL -D_GNU_SOURCE=1 -D_REENTRANT conftest.c >&5
conftest.c: In function 'main':
conftest.c:59:12: error: size of array 'test_array' is negative
 static int test_array [1 - 2 * !(((long int) (sizeof (unsigned int))) <= 0)];
            ^
configure:5634: $? = 1
configure: failed program was:
| /* confdefs.h */
| #define PACKAGE_NAME "dosbox"
| #define PACKAGE_TARNAME "dosbox"
| #define PACKAGE_VERSION "SVN"
| #define PACKAGE_STRING "dosbox SVN"
| #define PACKAGE_BUGREPORT ""
| #define PACKAGE_URL ""
| #define PACKAGE "dosbox"
| #define VERSION "SVN"
| #define STDC_HEADERS 1
| #define HAVE_SYS_TYPES_H 1
| #define HAVE_SYS_STAT_H 1
| #define HAVE_STDLIB_H 1
| #define HAVE_STRING_H 1
| #define HAVE_MEMORY_H 1
| #define HAVE_STRINGS_H 1
| #define HAVE_INTTYPES_H 1
| #define HAVE_STDINT_H 1
| #define HAVE_UNISTD_H 1
| #define SIZEOF_UNSIGNED_CHAR 1
| #define SIZEOF_UNSIGNED_SHORT 2
| /* end confdefs.h.  */
| #include <stdio.h>
| #ifdef HAVE_SYS_TYPES_H
| # include <sys/types.h>
| #endif
| #ifdef HAVE_SYS_STAT_H
| # include <sys/stat.h>
| #endif
| #ifdef STDC_HEADERS
| # include <stdlib.h>
| # include <stddef.h>
| #else
| # ifdef HAVE_STDLIB_H
| #  include <stdlib.h>
| # endif
| #endif
| #ifdef HAVE_STRING_H
| # if !defined STDC_HEADERS && defined HAVE_MEMORY_H
| #  include <memory.h>
| # endif
| # include <string.h>
| #endif
| #ifdef HAVE_STRINGS_H
| # include <strings.h>
| #endif
| #ifdef HAVE_INTTYPES_H
| # include <inttypes.h>
| #endif
| #ifdef HAVE_STDINT_H
| # include <stdint.h>
| #endif
| #ifdef HAVE_UNISTD_H
| # include <unistd.h>
| #endif
| int
| main ()
| {
| static int test_array [1 - 2 * !(((long int) (sizeof (unsigned int))) <= 0)];
| test_array [0] = 0;
| return test_array [0];
| 
|   ;
|   return 0;
| }
configure:5634: armv7l-analogics-linux-gnueabi-gcc -c -g -O2  -I/opt/analogics/am335x_sk/toolchain/include/SDL -D_GNU_SOURCE=1 -D_REENTRANT conftest.c >&5
conftest.c: In function 'main':
conftest.c:59:12: error: size of array 'test_array' is negative
 static int test_array [1 - 2 * !(((long int) (sizeof (unsigned int))) <= 1)];
            ^
configure:5634: $? = 1
configure: failed program was:
| /* confdefs.h */
| #define PACKAGE_NAME "dosbox"
| #define PACKAGE_TARNAME "dosbox"
| #define PACKAGE_VERSION "SVN"
| #define PACKAGE_STRING "dosbox SVN"
| #define PACKAGE_BUGREPORT ""
| #define PACKAGE_URL ""
| #define PACKAGE "dosbox"
| #define VERSION "SVN"
| #define STDC_HEADERS 1
| #define HAVE_SYS_TYPES_H 1
| #define HAVE_SYS_STAT_H 1
| #define HAVE_STDLIB_H 1
| #define HAVE_STRING_H 1
| #define HAVE_MEMORY_H 1
| #define HAVE_STRINGS_H 1
| #define HAVE_INTTYPES_H 1
| #define HAVE_STDINT_H 1
| #define HAVE_UNISTD_H 1
| #define SIZEOF_UNSIGNED_CHAR 1
| #define SIZEOF_UNSIGNED_SHORT 2
| /* end confdefs.h.  */
| #include <stdio.h>
| #ifdef HAVE_SYS_TYPES_H
| # include <sys/types.h>
| #endif
| #ifdef HAVE_SYS_STAT_H
| # include <sys/stat.h>
| #endif
| #ifdef STDC_HEADERS
| # include <stdlib.h>
| # include <stddef.h>
| #else
| # ifdef HAVE_STDLIB_H
| #  include <stdlib.h>
| # endif
| #endif
| #ifdef HAVE_STRING_H
| # if !defined STDC_HEADERS && defined HAVE_MEMORY_H
| #  include <memory.h>
| # endif
| # include <string.h>
| #endif
| #ifdef HAVE_STRINGS_H
| # include <strings.h>
| #endif
| #ifdef HAVE_INTTYPES_H
| # include <inttypes.h>
| #endif
| #ifdef HAVE_STDINT_H
| # include <stdint.h>
| #endif
| #ifdef HAVE_UNISTD_H
| # include <unistd.h>
| #endif
| int
| main ()
| {
| static int test_array [1 - 2 * !(((long int) (sizeof (unsigned int))) <= 1)];
| test_array [0] = 0;
| return test_array [0];
| 
|   ;
|   return 0;
| }
configure:5634: armv7l-analogics-linux-gnueabi-gcc -c -g -O2  -I/opt/analogics/am335x_sk/toolchain/include/SDL -D_GNU_SOURCE=1 -D_REENTRANT conftest.c >&5
conftest.c: In function 'main':
conftest.c:59:12: error: size of array 'test_array' is negative
 static int test_array [1 - 2 * !(((long int) (sizeof (unsigned int))) <= 3)];
            ^
configure:5634: $? = 1
configure: failed program was:
| /* confdefs.h */
| #define PACKAGE_NAME "dosbox"
| #define PACKAGE_TARNAME "dosbox"
| #define PACKAGE_VERSION "SVN"
| #define PACKAGE_STRING "dosbox SVN"
| #define PACKAGE_BUGREPORT ""
| #define PACKAGE_URL ""
| #define PACKAGE "dosbox"
| #define VERSION "SVN"
| #define STDC_HEADERS 1
| #define HAVE_SYS_TYPES_H 1
| #define HAVE_SYS_STAT_H 1
| #define HAVE_STDLIB_H 1
| #define HAVE_STRING_H 1
| #define HAVE_MEMORY_H 1
| #define HAVE_STRINGS_H 1
| #define HAVE_INTTYPES_H 1
| #define HAVE_STDINT_H 1
| #define HAVE_UNISTD_H 1
| #define SIZEOF_UNSIGNED_CHAR 1
| #define SIZEOF_UNSIGNED_SHORT 2
| /* end confdefs.h.  */
| #include <stdio.h>
| #ifdef HAVE_SYS_TYPES_H
| # include <sys/types.h>
| #endif
| #ifdef HAVE_SYS_STAT_H
| # include <sys/stat.h>
| #endif
| #ifdef STDC_HEADERS
| # include <stdlib.h>
| # include <stddef.h>
| #else
| # ifdef HAVE_STDLIB_H
| #  include <stdlib.h>
| # endif
| #endif
| #ifdef HAVE_STRING_H
| # if !defined STDC_HEADERS && defined HAVE_MEMORY_H
| #  include <memory.h>
| # endif
| # include <string.h>
| #endif
| #ifdef HAVE_STRINGS_H
| # include <strings.h>
| #endif
| #ifdef HAVE_INTTYPES_H
| # include <inttypes.h>
| #endif
| #ifdef HAVE_STDINT_H
| # include <stdint.h>
| #endif
| #ifdef HAVE_UNISTD_H
| # include <unistd.h>
| #endif
| int
| main ()
| {
| static int test_array [1 - 2 * !(((long int) (sizeof (unsigned int))) <= 3)];
| test_array [0] = 0;
| return test_array [0];
| 
|   ;
|   return 0;
| }
configure:5634: armv7l-analogics-linux-gnueabi-gcc -c -g -O2  -I/opt/analogics/am335x_sk/toolchain/include/SDL -D_GNU_SOURCE=1 -D_REENTRANT conftest.c >&5
configure:5634: $? = 0
configure:5634: armv7l-analogics-linux-gnueabi-gcc -c -g -O2  -I/opt/analogics/am335x_sk/toolchain/include/SDL -D_GNU_SOURCE=1 -D_REENTRANT conftest.c >&5
configure:5634: $? = 0
configure:5634: armv7l-analogics-linux-gnueabi-gcc -c -g -O2  -I/opt/analogics/am335x_sk/toolchain/include/SDL -D_GNU_SOURCE=1 -D_REENTRANT conftest.c >&5
configure:5634: $? = 0
configure:5648: result: 4
configure:5662: checking size of unsigned long
configure:5667: armv7l-analogics-linux-gnueabi-gcc -c -g -O2  -I/opt/analogics/am335x_sk/toolchain/include/SDL -D_GNU_SOURCE=1 -D_REENTRANT conftest.c >&5
configure:5667: $? = 0
configure:5667: armv7l-analogics-linux-gnueabi-gcc -c -g -O2  -I/opt/analogics/am335x_sk/toolchain/include/SDL -D_GNU_SOURCE=1 -D_REENTRANT conftest.c >&5
conftest.c: In function 'main':
conftest.c:60:12: error: size of array 'test_array' is negative
 static int test_array [1 - 2 * !(((long int) (sizeof (unsigned long))) <= 0)];
            ^
configure:5667: $? = 1
configure: failed program was:
| /* confdefs.h */
| #define PACKAGE_NAME "dosbox"
| #define PACKAGE_TARNAME "dosbox"
| #define PACKAGE_VERSION "SVN"
| #define PACKAGE_STRING "dosbox SVN"
| #define PACKAGE_BUGREPORT ""
| #define PACKAGE_URL ""
| #define PACKAGE "dosbox"
| #define VERSION "SVN"
| #define STDC_HEADERS 1
| #define HAVE_SYS_TYPES_H 1
| #define HAVE_SYS_STAT_H 1
| #define HAVE_STDLIB_H 1
| #define HAVE_STRING_H 1
| #define HAVE_MEMORY_H 1
| #define HAVE_STRINGS_H 1
| #define HAVE_INTTYPES_H 1
| #define HAVE_STDINT_H 1
| #define HAVE_UNISTD_H 1
| #define SIZEOF_UNSIGNED_CHAR 1
| #define SIZEOF_UNSIGNED_SHORT 2
| #define SIZEOF_UNSIGNED_INT 4
| /* end confdefs.h.  */
| #include <stdio.h>
| #ifdef HAVE_SYS_TYPES_H
| # include <sys/types.h>
| #endif
| #ifdef HAVE_SYS_STAT_H
| # include <sys/stat.h>
| #endif
| #ifdef STDC_HEADERS
| # include <stdlib.h>
| # include <stddef.h>
| #else
| # ifdef HAVE_STDLIB_H
| #  include <stdlib.h>
| # endif
| #endif
| #ifdef HAVE_STRING_H
| # if !defined STDC_HEADERS && defined HAVE_MEMORY_H
| #  include <memory.h>
| # endif
| # include <string.h>
| #endif
| #ifdef HAVE_STRINGS_H
| # include <strings.h>
| #endif
| #ifdef HAVE_INTTYPES_H
| # include <inttypes.h>
| #endif
| #ifdef HAVE_STDINT_H
| # include <stdint.h>
| #endif
| #ifdef HAVE_UNISTD_H
| # include <unistd.h>
| #endif
| int
| main ()
| {
| static int test_array [1 - 2 * !(((long int) (sizeof (unsigned long))) <= 0)];
| test_array [0] = 0;
| return test_array [0];
| 
|   ;
|   return 0;
| }
configure:5667: armv7l-analogics-linux-gnueabi-gcc -c -g -O2  -I/opt/analogics/am335x_sk/toolchain/include/SDL -D_GNU_SOURCE=1 -D_REENTRANT conftest.c >&5
conftest.c: In function 'main':
conftest.c:60:12: error: size of array 'test_array' is negative
 static int test_array [1 - 2 * !(((long int) (sizeof (unsigned long))) <= 1)];
            ^
configure:5667: $? = 1
configure: failed program was:
| /* confdefs.h */
| #define PACKAGE_NAME "dosbox"
| #define PACKAGE_TARNAME "dosbox"
| #define PACKAGE_VERSION "SVN"
| #define PACKAGE_STRING "dosbox SVN"
| #define PACKAGE_BUGREPORT ""
| #define PACKAGE_URL ""
| #define PACKAGE "dosbox"
| #define VERSION "SVN"
| #define STDC_HEADERS 1
| #define HAVE_SYS_TYPES_H 1
| #define HAVE_SYS_STAT_H 1
| #define HAVE_STDLIB_H 1
| #define HAVE_STRING_H 1
| #define HAVE_MEMORY_H 1
| #define HAVE_STRINGS_H 1
| #define HAVE_INTTYPES_H 1
| #define HAVE_STDINT_H 1
| #define HAVE_UNISTD_H 1
| #define SIZEOF_UNSIGNED_CHAR 1
| #define SIZEOF_UNSIGNED_SHORT 2
| #define SIZEOF_UNSIGNED_INT 4
| /* end confdefs.h.  */
| #include <stdio.h>
| #ifdef HAVE_SYS_TYPES_H
| # include <sys/types.h>
| #endif
| #ifdef HAVE_SYS_STAT_H
| # include <sys/stat.h>
| #endif
| #ifdef STDC_HEADERS
| # include <stdlib.h>
| # include <stddef.h>
| #else
| # ifdef HAVE_STDLIB_H
| #  include <stdlib.h>
| # endif
| #endif
| #ifdef HAVE_STRING_H
| # if !defined STDC_HEADERS && defined HAVE_MEMORY_H
| #  include <memory.h>
| # endif
| # include <string.h>
| #endif
| #ifdef HAVE_STRINGS_H
| # include <strings.h>
| #endif
| #ifdef HAVE_INTTYPES_H
| # include <inttypes.h>
| #endif
| #ifdef HAVE_STDINT_H
| # include <stdint.h>
| #endif
| #ifdef HAVE_UNISTD_H
| # include <unistd.h>
| #endif
| int
| main ()
| {
| static int test_array [1 - 2 * !(((long int) (sizeof (unsigned long))) <= 1)];
| test_array [0] = 0;
| return test_array [0];
| 
|   ;
|   return 0;
| }
configure:5667: armv7l-analogics-linux-gnueabi-gcc -c -g -O2  -I/opt/analogics/am335x_sk/toolchain/include/SDL -D_GNU_SOURCE=1 -D_REENTRANT conftest.c >&5
conftest.c: In function 'main':
conftest.c:60:12: error: size of array 'test_array' is negative
 static int test_array [1 - 2 * !(((long int) (sizeof (unsigned long))) <= 3)];
            ^
configure:5667: $? = 1
configure: failed program was:
| /* confdefs.h */
| #define PACKAGE_NAME "dosbox"
| #define PACKAGE_TARNAME "dosbox"
| #define PACKAGE_VERSION "SVN"
| #define PACKAGE_STRING "dosbox SVN"
| #define PACKAGE_BUGREPORT ""
| #define PACKAGE_URL ""
| #define PACKAGE "dosbox"
| #define VERSION "SVN"
| #define STDC_HEADERS 1
| #define HAVE_SYS_TYPES_H 1
| #define HAVE_SYS_STAT_H 1
| #define HAVE_STDLIB_H 1
| #define HAVE_STRING_H 1
| #define HAVE_MEMORY_H 1
| #define HAVE_STRINGS_H 1
| #define HAVE_INTTYPES_H 1
| #define HAVE_STDINT_H 1
| #define HAVE_UNISTD_H 1
| #define SIZEOF_UNSIGNED_CHAR 1
| #define SIZEOF_UNSIGNED_SHORT 2
| #define SIZEOF_UNSIGNED_INT 4
| /* end confdefs.h.  */
| #include <stdio.h>
| #ifdef HAVE_SYS_TYPES_H
| # include <sys/types.h>
| #endif
| #ifdef HAVE_SYS_STAT_H
| # include <sys/stat.h>
| #endif
| #ifdef STDC_HEADERS
| # include <stdlib.h>
| # include <stddef.h>
| #else
| # ifdef HAVE_STDLIB_H
| #  include <stdlib.h>
| # endif
| #endif
| #ifdef HAVE_STRING_H
| # if !defined STDC_HEADERS && defined HAVE_MEMORY_H
| #  include <memory.h>
| # endif
| # include <string.h>
| #endif
| #ifdef HAVE_STRINGS_H
| # include <strings.h>
| #endif
| #ifdef HAVE_INTTYPES_H
| # include <inttypes.h>
| #endif
| #ifdef HAVE_STDINT_H
| # include <stdint.h>
| #endif
| #ifdef HAVE_UNISTD_H
| # include <unistd.h>
| #endif
| int
| main ()
| {
| static int test_array [1 - 2 * !(((long int) (sizeof (unsigned long))) <= 3)];
| test_array [0] = 0;
| return test_array [0];
| 
|   ;
|   return 0;
| }
configure:5667: armv7l-analogics-linux-gnueabi-gcc -c -g -O2  -I/opt/analogics/am335x_sk/toolchain/include/SDL -D_GNU_SOURCE=1 -D_REENTRANT conftest.c >&5
configure:5667: $? = 0
configure:5667: armv7l-analogics-linux-gnueabi-gcc -c -g -O2  -I/opt/analogics/am335x_sk/toolchain/include/SDL -D_GNU_SOURCE=1 -D_REENTRANT conftest.c >&5
configure:5667: $? = 0
configure:5667: armv7l-analogics-linux-gnueabi-gcc -c -g -O2  -I/opt/analogics/am335x_sk/toolchain/include/SDL -D_GNU_SOURCE=1 -D_REENTRANT conftest.c >&5
configure:5667: $? = 0
configure:5681: result: 4
configure:5695: checking size of unsigned long long
configure:5700: armv7l-analogics-linux-gnueabi-gcc -c -g -O2  -I/opt/analogics/am335x_sk/toolchain/include/SDL -D_GNU_SOURCE=1 -D_REENTRANT conftest.c >&5
configure:5700: $? = 0
configure:5700: armv7l-analogics-linux-gnueabi-gcc -c -g -O2  -I/opt/analogics/am335x_sk/toolchain/include/SDL -D_GNU_SOURCE=1 -D_REENTRANT conftest.c >&5
conftest.c: In function 'main':
conftest.c:61:12: error: size of array 'test_array' is negative
 static int test_array [1 - 2 * !(((long int) (sizeof (unsigned long long))) <= 0)];
            ^
configure:5700: $? = 1
configure: failed program was:
| /* confdefs.h */
| #define PACKAGE_NAME "dosbox"
| #define PACKAGE_TARNAME "dosbox"
| #define PACKAGE_VERSION "SVN"
| #define PACKAGE_STRING "dosbox SVN"
| #define PACKAGE_BUGREPORT ""
| #define PACKAGE_URL ""
| #define PACKAGE "dosbox"
| #define VERSION "SVN"
| #define STDC_HEADERS 1
| #define HAVE_SYS_TYPES_H 1
| #define HAVE_SYS_STAT_H 1
| #define HAVE_STDLIB_H 1
| #define HAVE_STRING_H 1
| #define HAVE_MEMORY_H 1
| #define HAVE_STRINGS_H 1
| #define HAVE_INTTYPES_H 1
| #define HAVE_STDINT_H 1
| #define HAVE_UNISTD_H 1
| #define SIZEOF_UNSIGNED_CHAR 1
| #define SIZEOF_UNSIGNED_SHORT 2
| #define SIZEOF_UNSIGNED_INT 4
| #define SIZEOF_UNSIGNED_LONG 4
| /* end confdefs.h.  */
| #include <stdio.h>
| #ifdef HAVE_SYS_TYPES_H
| # include <sys/types.h>
| #endif
| #ifdef HAVE_SYS_STAT_H
| # include <sys/stat.h>
| #endif
| #ifdef STDC_HEADERS
| # include <stdlib.h>
| # include <stddef.h>
| #else
| # ifdef HAVE_STDLIB_H
| #  include <stdlib.h>
| # endif
| #endif
| #ifdef HAVE_STRING_H
| # if !defined STDC_HEADERS && defined HAVE_MEMORY_H
| #  include <memory.h>
| # endif
| # include <string.h>
| #endif
| #ifdef HAVE_STRINGS_H
| # include <strings.h>
| #endif
| #ifdef HAVE_INTTYPES_H
| # include <inttypes.h>
| #endif
| #ifdef HAVE_STDINT_H
| # include <stdint.h>
| #endif
| #ifdef HAVE_UNISTD_H
| # include <unistd.h>
| #endif
| int
| main ()
| {
| static int test_array [1 - 2 * !(((long int) (sizeof (unsigned long long))) <= 0)];
| test_array [0] = 0;
| return test_array [0];
| 
|   ;
|   return 0;
| }
configure:5700: armv7l-analogics-linux-gnueabi-gcc -c -g -O2  -I/opt/analogics/am335x_sk/toolchain/include/SDL -D_GNU_SOURCE=1 -D_REENTRANT conftest.c >&5
conftest.c: In function 'main':
conftest.c:61:12: error: size of array 'test_array' is negative
 static int test_array [1 - 2 * !(((long int) (sizeof (unsigned long long))) <= 1)];
            ^
configure:5700: $? = 1
configure: failed program was:
| /* confdefs.h */
| #define PACKAGE_NAME "dosbox"
| #define PACKAGE_TARNAME "dosbox"
| #define PACKAGE_VERSION "SVN"
| #define PACKAGE_STRING "dosbox SVN"
| #define PACKAGE_BUGREPORT ""
| #define PACKAGE_URL ""
| #define PACKAGE "dosbox"
| #define VERSION "SVN"
| #define STDC_HEADERS 1
| #define HAVE_SYS_TYPES_H 1
| #define HAVE_SYS_STAT_H 1
| #define HAVE_STDLIB_H 1
| #define HAVE_STRING_H 1
| #define HAVE_MEMORY_H 1
| #define HAVE_STRINGS_H 1
| #define HAVE_INTTYPES_H 1
| #define HAVE_STDINT_H 1
| #define HAVE_UNISTD_H 1
| #define SIZEOF_UNSIGNED_CHAR 1
| #define SIZEOF_UNSIGNED_SHORT 2
| #define SIZEOF_UNSIGNED_INT 4
| #define SIZEOF_UNSIGNED_LONG 4
| /* end confdefs.h.  */
| #include <stdio.h>
| #ifdef HAVE_SYS_TYPES_H
| # include <sys/types.h>
| #endif
| #ifdef HAVE_SYS_STAT_H
| # include <sys/stat.h>
| #endif
| #ifdef STDC_HEADERS
| # include <stdlib.h>
| # include <stddef.h>
| #else
| # ifdef HAVE_STDLIB_H
| #  include <stdlib.h>
| # endif
| #endif
| #ifdef HAVE_STRING_H
| # if !defined STDC_HEADERS && defined HAVE_MEMORY_H
| #  include <memory.h>
| # endif
| # include <string.h>
| #endif
| #ifdef HAVE_STRINGS_H
| # include <strings.h>
| #endif
| #ifdef HAVE_INTTYPES_H
| # include <inttypes.h>
| #endif
| #ifdef HAVE_STDINT_H
| # include <stdint.h>
| #endif
| #ifdef HAVE_UNISTD_H
| # include <unistd.h>
| #endif
| int
| main ()
| {
| static int test_array [1 - 2 * !(((long int) (sizeof (unsigned long long))) <= 1)];
| test_array [0] = 0;
| return test_array [0];
| 
|   ;
|   return 0;
| }
configure:5700: armv7l-analogics-linux-gnueabi-gcc -c -g -O2  -I/opt/analogics/am335x_sk/toolchain/include/SDL -D_GNU_SOURCE=1 -D_REENTRANT conftest.c >&5
conftest.c: In function 'main':
conftest.c:61:12: error: size of array 'test_array' is negative
 static int test_array [1 - 2 * !(((long int) (sizeof (unsigned long long))) <= 3)];
            ^
configure:5700: $? = 1
configure: failed program was:
| /* confdefs.h */
| #define PACKAGE_NAME "dosbox"
| #define PACKAGE_TARNAME "dosbox"
| #define PACKAGE_VERSION "SVN"
| #define PACKAGE_STRING "dosbox SVN"
| #define PACKAGE_BUGREPORT ""
| #define PACKAGE_URL ""
| #define PACKAGE "dosbox"
| #define VERSION "SVN"
| #define STDC_HEADERS 1
| #define HAVE_SYS_TYPES_H 1
| #define HAVE_SYS_STAT_H 1
| #define HAVE_STDLIB_H 1
| #define HAVE_STRING_H 1
| #define HAVE_MEMORY_H 1
| #define HAVE_STRINGS_H 1
| #define HAVE_INTTYPES_H 1
| #define HAVE_STDINT_H 1
| #define HAVE_UNISTD_H 1
| #define SIZEOF_UNSIGNED_CHAR 1
| #define SIZEOF_UNSIGNED_SHORT 2
| #define SIZEOF_UNSIGNED_INT 4
| #define SIZEOF_UNSIGNED_LONG 4
| /* end confdefs.h.  */
| #include <stdio.h>
| #ifdef HAVE_SYS_TYPES_H
| # include <sys/types.h>
| #endif
| #ifdef HAVE_SYS_STAT_H
| # include <sys/stat.h>
| #endif
| #ifdef STDC_HEADERS
| # include <stdlib.h>
| # include <stddef.h>
| #else
| # ifdef HAVE_STDLIB_H
| #  include <stdlib.h>
| # endif
| #endif
| #ifdef HAVE_STRING_H
| # if !defined STDC_HEADERS && defined HAVE_MEMORY_H
| #  include <memory.h>
| # endif
| # include <string.h>
| #endif
| #ifdef HAVE_STRINGS_H
| # include <strings.h>
| #endif
| #ifdef HAVE_INTTYPES_H
| # include <inttypes.h>
| #endif
| #ifdef HAVE_STDINT_H
| # include <stdint.h>
| #endif
| #ifdef HAVE_UNISTD_H
| # include <unistd.h>
| #endif
| int
| main ()
| {
| static int test_array [1 - 2 * !(((long int) (sizeof (unsigned long long))) <= 3)];
| test_array [0] = 0;
| return test_array [0];
| 
|   ;
|   return 0;
| }
configure:5700: armv7l-analogics-linux-gnueabi-gcc -c -g -O2  -I/opt/analogics/am335x_sk/toolchain/include/SDL -D_GNU_SOURCE=1 -D_REENTRANT conftest.c >&5
conftest.c: In function 'main':
conftest.c:61:12: error: size of array 'test_array' is negative
 static int test_array [1 - 2 * !(((long int) (sizeof (unsigned long long))) <= 7)];
            ^
configure:5700: $? = 1
configure: failed program was:
| /* confdefs.h */
| #define PACKAGE_NAME "dosbox"
| #define PACKAGE_TARNAME "dosbox"
| #define PACKAGE_VERSION "SVN"
| #define PACKAGE_STRING "dosbox SVN"
| #define PACKAGE_BUGREPORT ""
| #define PACKAGE_URL ""
| #define PACKAGE "dosbox"
| #define VERSION "SVN"
| #define STDC_HEADERS 1
| #define HAVE_SYS_TYPES_H 1
| #define HAVE_SYS_STAT_H 1
| #define HAVE_STDLIB_H 1
| #define HAVE_STRING_H 1
| #define HAVE_MEMORY_H 1
| #define HAVE_STRINGS_H 1
| #define HAVE_INTTYPES_H 1
| #define HAVE_STDINT_H 1
| #define HAVE_UNISTD_H 1
| #define SIZEOF_UNSIGNED_CHAR 1
| #define SIZEOF_UNSIGNED_SHORT 2
| #define SIZEOF_UNSIGNED_INT 4
| #define SIZEOF_UNSIGNED_LONG 4
| /* end confdefs.h.  */
| #include <stdio.h>
| #ifdef HAVE_SYS_TYPES_H
| # include <sys/types.h>
| #endif
| #ifdef HAVE_SYS_STAT_H
| # include <sys/stat.h>
| #endif
| #ifdef STDC_HEADERS
| # include <stdlib.h>
| # include <stddef.h>
| #else
| # ifdef HAVE_STDLIB_H
| #  include <stdlib.h>
| # endif
| #endif
| #ifdef HAVE_STRING_H
| # if !defined STDC_HEADERS && defined HAVE_MEMORY_H
| #  include <memory.h>
| # endif
| # include <string.h>
| #endif
| #ifdef HAVE_STRINGS_H
| # include <strings.h>
| #endif
| #ifdef HAVE_INTTYPES_H
| # include <inttypes.h>
| #endif
| #ifdef HAVE_STDINT_H
| # include <stdint.h>
| #endif
| #ifdef HAVE_UNISTD_H
| # include <unistd.h>
| #endif
| int
| main ()
| {
| static int test_array [1 - 2 * !(((long int) (sizeof (unsigned long long))) <= 7)];
| test_array [0] = 0;
| return test_array [0];
| 
|   ;
|   return 0;
| }
configure:5700: armv7l-analogics-linux-gnueabi-gcc -c -g -O2  -I/opt/analogics/am335x_sk/toolchain/include/SDL -D_GNU_SOURCE=1 -D_REENTRANT conftest.c >&5
configure:5700: $? = 0
configure:5700: armv7l-analogics-linux-gnueabi-gcc -c -g -O2  -I/opt/analogics/am335x_sk/toolchain/include/SDL -D_GNU_SOURCE=1 -D_REENTRANT conftest.c >&5
configure:5700: $? = 0
configure:5700: armv7l-analogics-linux-gnueabi-gcc -c -g -O2  -I/opt/analogics/am335x_sk/toolchain/include/SDL -D_GNU_SOURCE=1 -D_REENTRANT conftest.c >&5
configure:5700: $? = 0
configure:5700: armv7l-analogics-linux-gnueabi-gcc -c -g -O2  -I/opt/analogics/am335x_sk/toolchain/include/SDL -D_GNU_SOURCE=1 -D_REENTRANT conftest.c >&5
configure:5700: $? = 0
configure:5714: result: 8
configure:5728: checking size of int *
configure:5733: armv7l-analogics-linux-gnueabi-gcc -c -g -O2  -I/opt/analogics/am335x_sk/toolchain/include/SDL -D_GNU_SOURCE=1 -D_REENTRANT conftest.c >&5
configure:5733: $? = 0
configure:5733: armv7l-analogics-linux-gnueabi-gcc -c -g -O2  -I/opt/analogics/am335x_sk/toolchain/include/SDL -D_GNU_SOURCE=1 -D_REENTRANT conftest.c >&5
conftest.c: In function 'main':
conftest.c:62:12: error: size of array 'test_array' is negative
 static int test_array [1 - 2 * !(((long int) (sizeof (int *))) <= 0)];
            ^
configure:5733: $? = 1
configure: failed program was:
| /* confdefs.h */
| #define PACKAGE_NAME "dosbox"
| #define PACKAGE_TARNAME "dosbox"
| #define PACKAGE_VERSION "SVN"
| #define PACKAGE_STRING "dosbox SVN"
| #define PACKAGE_BUGREPORT ""
| #define PACKAGE_URL ""
| #define PACKAGE "dosbox"
| #define VERSION "SVN"
| #define STDC_HEADERS 1
| #define HAVE_SYS_TYPES_H 1
| #define HAVE_SYS_STAT_H 1
| #define HAVE_STDLIB_H 1
| #define HAVE_STRING_H 1
| #define HAVE_MEMORY_H 1
| #define HAVE_STRINGS_H 1
| #define HAVE_INTTYPES_H 1
| #define HAVE_STDINT_H 1
| #define HAVE_UNISTD_H 1
| #define SIZEOF_UNSIGNED_CHAR 1
| #define SIZEOF_UNSIGNED_SHORT 2
| #define SIZEOF_UNSIGNED_INT 4
| #define SIZEOF_UNSIGNED_LONG 4
| #define SIZEOF_UNSIGNED_LONG_LONG 8
| /* end confdefs.h.  */
| #include <stdio.h>
| #ifdef HAVE_SYS_TYPES_H
| # include <sys/types.h>
| #endif
| #ifdef HAVE_SYS_STAT_H
| # include <sys/stat.h>
| #endif
| #ifdef STDC_HEADERS
| # include <stdlib.h>
| # include <stddef.h>
| #else
| # ifdef HAVE_STDLIB_H
| #  include <stdlib.h>
| # endif
| #endif
| #ifdef HAVE_STRING_H
| # if !defined STDC_HEADERS && defined HAVE_MEMORY_H
| #  include <memory.h>
| # endif
| # include <string.h>
| #endif
| #ifdef HAVE_STRINGS_H
| # include <strings.h>
| #endif
| #ifdef HAVE_INTTYPES_H
| # include <inttypes.h>
| #endif
| #ifdef HAVE_STDINT_H
| # include <stdint.h>
| #endif
| #ifdef HAVE_UNISTD_H
| # include <unistd.h>
| #endif
| int
| main ()
| {
| static int test_array [1 - 2 * !(((long int) (sizeof (int *))) <= 0)];
| test_array [0] = 0;
| return test_array [0];
| 
|   ;
|   return 0;
| }
configure:5733: armv7l-analogics-linux-gnueabi-gcc -c -g -O2  -I/opt/analogics/am335x_sk/toolchain/include/SDL -D_GNU_SOURCE=1 -D_REENTRANT conftest.c >&5
conftest.c: In function 'main':
conftest.c:62:12: error: size of array 'test_array' is negative
 static int test_array [1 - 2 * !(((long int) (sizeof (int *))) <= 1)];
            ^
configure:5733: $? = 1
configure: failed program was:
| /* confdefs.h */
| #define PACKAGE_NAME "dosbox"
| #define PACKAGE_TARNAME "dosbox"
| #define PACKAGE_VERSION "SVN"
| #define PACKAGE_STRING "dosbox SVN"
| #define PACKAGE_BUGREPORT ""
| #define PACKAGE_URL ""
| #define PACKAGE "dosbox"
| #define VERSION "SVN"
| #define STDC_HEADERS 1
| #define HAVE_SYS_TYPES_H 1
| #define HAVE_SYS_STAT_H 1
| #define HAVE_STDLIB_H 1
| #define HAVE_STRING_H 1
| #define HAVE_MEMORY_H 1
| #define HAVE_STRINGS_H 1
| #define HAVE_INTTYPES_H 1
| #define HAVE_STDINT_H 1
| #define HAVE_UNISTD_H 1
| #define SIZEOF_UNSIGNED_CHAR 1
| #define SIZEOF_UNSIGNED_SHORT 2
| #define SIZEOF_UNSIGNED_INT 4
| #define SIZEOF_UNSIGNED_LONG 4
| #define SIZEOF_UNSIGNED_LONG_LONG 8
| /* end confdefs.h.  */
| #include <stdio.h>
| #ifdef HAVE_SYS_TYPES_H
| # include <sys/types.h>
| #endif
| #ifdef HAVE_SYS_STAT_H
| # include <sys/stat.h>
| #endif
| #ifdef STDC_HEADERS
| # include <stdlib.h>
| # include <stddef.h>
| #else
| # ifdef HAVE_STDLIB_H
| #  include <stdlib.h>
| # endif
| #endif
| #ifdef HAVE_STRING_H
| # if !defined STDC_HEADERS && defined HAVE_MEMORY_H
| #  include <memory.h>
| # endif
| # include <string.h>
| #endif
| #ifdef HAVE_STRINGS_H
| # include <strings.h>
| #endif
| #ifdef HAVE_INTTYPES_H
| # include <inttypes.h>
| #endif
| #ifdef HAVE_STDINT_H
| # include <stdint.h>
| #endif
| #ifdef HAVE_UNISTD_H
| # include <unistd.h>
| #endif
| int
| main ()
| {
| static int test_array [1 - 2 * !(((long int) (sizeof (int *))) <= 1)];
| test_array [0] = 0;
| return test_array [0];
| 
|   ;
|   return 0;
| }
configure:5733: armv7l-analogics-linux-gnueabi-gcc -c -g -O2  -I/opt/analogics/am335x_sk/toolchain/include/SDL -D_GNU_SOURCE=1 -D_REENTRANT conftest.c >&5
conftest.c: In function 'main':
conftest.c:62:12: error: size of array 'test_array' is negative
 static int test_array [1 - 2 * !(((long int) (sizeof (int *))) <= 3)];
            ^
configure:5733: $? = 1
configure: failed program was:
| /* confdefs.h */
| #define PACKAGE_NAME "dosbox"
| #define PACKAGE_TARNAME "dosbox"
| #define PACKAGE_VERSION "SVN"
| #define PACKAGE_STRING "dosbox SVN"
| #define PACKAGE_BUGREPORT ""
| #define PACKAGE_URL ""
| #define PACKAGE "dosbox"
| #define VERSION "SVN"
| #define STDC_HEADERS 1
| #define HAVE_SYS_TYPES_H 1
| #define HAVE_SYS_STAT_H 1
| #define HAVE_STDLIB_H 1
| #define HAVE_STRING_H 1
| #define HAVE_MEMORY_H 1
| #define HAVE_STRINGS_H 1
| #define HAVE_INTTYPES_H 1
| #define HAVE_STDINT_H 1
| #define HAVE_UNISTD_H 1
| #define SIZEOF_UNSIGNED_CHAR 1
| #define SIZEOF_UNSIGNED_SHORT 2
| #define SIZEOF_UNSIGNED_INT 4
| #define SIZEOF_UNSIGNED_LONG 4
| #define SIZEOF_UNSIGNED_LONG_LONG 8
| /* end confdefs.h.  */
| #include <stdio.h>
| #ifdef HAVE_SYS_TYPES_H
| # include <sys/types.h>
| #endif
| #ifdef HAVE_SYS_STAT_H
| # include <sys/stat.h>
| #endif
| #ifdef STDC_HEADERS
| # include <stdlib.h>
| # include <stddef.h>
| #else
| # ifdef HAVE_STDLIB_H
| #  include <stdlib.h>
| # endif
| #endif
| #ifdef HAVE_STRING_H
| # if !defined STDC_HEADERS && defined HAVE_MEMORY_H
| #  include <memory.h>
| # endif
| # include <string.h>
| #endif
| #ifdef HAVE_STRINGS_H
| # include <strings.h>
| #endif
| #ifdef HAVE_INTTYPES_H
| # include <inttypes.h>
| #endif
| #ifdef HAVE_STDINT_H
| # include <stdint.h>
| #endif
| #ifdef HAVE_UNISTD_H
| # include <unistd.h>
| #endif
| int
| main ()
| {
| static int test_array [1 - 2 * !(((long int) (sizeof (int *))) <= 3)];
| test_array [0] = 0;
| return test_array [0];
| 
|   ;
|   return 0;
| }
configure:5733: armv7l-analogics-linux-gnueabi-gcc -c -g -O2  -I/opt/analogics/am335x_sk/toolchain/include/SDL -D_GNU_SOURCE=1 -D_REENTRANT conftest.c >&5
configure:5733: $? = 0
configure:5733: armv7l-analogics-linux-gnueabi-gcc -c -g -O2  -I/opt/analogics/am335x_sk/toolchain/include/SDL -D_GNU_SOURCE=1 -D_REENTRANT conftest.c >&5
configure:5733: $? = 0
configure:5733: armv7l-analogics-linux-gnueabi-gcc -c -g -O2  -I/opt/analogics/am335x_sk/toolchain/include/SDL -D_GNU_SOURCE=1 -D_REENTRANT conftest.c >&5
configure:5733: $? = 0
configure:5747: result: 4
configure:5761: checking for stdlib.h
configure:5761: result: yes
configure:5761: checking for sys/types.h
configure:5761: result: yes
configure:5774: checking for sys/socket.h
configure:5774: armv7l-analogics-linux-gnueabi-gcc -c -g -O2  -I/opt/analogics/am335x_sk/toolchain/include/SDL -D_GNU_SOURCE=1 -D_REENTRANT conftest.c >&5
configure:5774: $? = 0
configure:5774: result: yes
configure:5774: checking for netinet/in.h
configure:5774: armv7l-analogics-linux-gnueabi-gcc -c -g -O2  -I/opt/analogics/am335x_sk/toolchain/include/SDL -D_GNU_SOURCE=1 -D_REENTRANT conftest.c >&5
configure:5774: $? = 0
configure:5774: result: yes
configure:5774: checking for pwd.h
configure:5774: armv7l-analogics-linux-gnueabi-gcc -c -g -O2  -I/opt/analogics/am335x_sk/toolchain/include/SDL -D_GNU_SOURCE=1 -D_REENTRANT conftest.c >&5
configure:5774: $? = 0
configure:5774: result: yes
configure:5818: armv7l-analogics-linux-gnueabi-gcc -c -g -O2  -I/opt/analogics/am335x_sk/toolchain/include/SDL -D_GNU_SOURCE=1 -D_REENTRANT conftest.c >&5
configure:5818: $? = 0
configure:5827: checking if environ can be included
configure:5842: armv7l-analogics-linux-gnueabi-gcc -o conftest -g -O2  -I/opt/analogics/am335x_sk/toolchain/include/SDL -D_GNU_SOURCE=1 -D_REENTRANT  conftest.c  -L/opt/analogics/am335x_sk/toolchain/lib -Wl,-rpath,/opt/analogics/am335x_sk/toolchain/lib -lSDL -lpthread >&5
configure:5842: $? = 0
configure:5843: result: yes
configure:5854: checking if environ can be linked
configure:5867: armv7l-analogics-linux-gnueabi-gcc -o conftest -g -O2  -I/opt/analogics/am335x_sk/toolchain/include/SDL -D_GNU_SOURCE=1 -D_REENTRANT  conftest.c  -L/opt/analogics/am335x_sk/toolchain/lib -Wl,-rpath,/opt/analogics/am335x_sk/toolchain/lib -lSDL -lpthread >&5
configure:5867: $? = 0
configure:5868: result: yes
configure:5879: checking if dirent includes d_type
configure:5891: armv7l-analogics-linux-gnueabi-gcc -c -g -O2  -I/opt/analogics/am335x_sk/toolchain/include/SDL -D_GNU_SOURCE=1 -D_REENTRANT conftest.c >&5
configure:5891: $? = 0
configure:5892: result: yes
configure:5903: checking for powf in libm
configure:5920: armv7l-analogics-linux-gnueabi-gcc -o conftest -g -O2  -I/opt/analogics/am335x_sk/toolchain/include/SDL -D_GNU_SOURCE=1 -D_REENTRANT  conftest.c  -L/opt/analogics/am335x_sk/toolchain/lib -Wl,-rpath,/opt/analogics/am335x_sk/toolchain/lib -lSDL -lpthread -lm >&5
configure:5920: $? = 0
configure:5921: result: yes
configure:5936: checking if compiler allows __attribute__
configure:5950: armv7l-analogics-linux-gnueabi-gcc -c -g -O2  -I/opt/analogics/am335x_sk/toolchain/include/SDL -D_GNU_SOURCE=1 -D_REENTRANT conftest.c >&5
configure:5950: $? = 0
configure:5951: result: yes
configure:5966: checking if compiler allows __attribute__((always_inline)) 
configure:5973: armv7l-analogics-linux-gnueabi-gcc -c -Werror  -I/opt/analogics/am335x_sk/toolchain/include/SDL -D_GNU_SOURCE=1 -D_REENTRANT conftest.c >&5
conftest.c:36:38: error: always_inline function might not be inlinable [-Werror=attributes]
  void __attribute__((always_inline)) test(){}
                                      ^
cc1: all warnings being treated as errors
configure:5973: $? = 1
configure: failed program was:
| /* confdefs.h */
| #define PACKAGE_NAME "dosbox"
| #define PACKAGE_TARNAME "dosbox"
| #define PACKAGE_VERSION "SVN"
| #define PACKAGE_STRING "dosbox SVN"
| #define PACKAGE_BUGREPORT ""
| #define PACKAGE_URL ""
| #define PACKAGE "dosbox"
| #define VERSION "SVN"
| #define STDC_HEADERS 1
| #define HAVE_SYS_TYPES_H 1
| #define HAVE_SYS_STAT_H 1
| #define HAVE_STDLIB_H 1
| #define HAVE_STRING_H 1
| #define HAVE_MEMORY_H 1
| #define HAVE_STRINGS_H 1
| #define HAVE_INTTYPES_H 1
| #define HAVE_STDINT_H 1
| #define HAVE_UNISTD_H 1
| #define SIZEOF_UNSIGNED_CHAR 1
| #define SIZEOF_UNSIGNED_SHORT 2
| #define SIZEOF_UNSIGNED_INT 4
| #define SIZEOF_UNSIGNED_LONG 4
| #define SIZEOF_UNSIGNED_LONG_LONG 8
| #define SIZEOF_INT_P 4
| #define HAVE_STDLIB_H 1
| #define HAVE_SYS_TYPES_H 1
| #define HAVE_SYS_SOCKET_H 1
| #define HAVE_NETINET_IN_H 1
| #define HAVE_PWD_H 1
| #define ENVIRON_INCLUDED 1
| #define ENVIRON_LINKED 1
| #define DIRENT_HAS_D_TYPE 1
| #define C_HAS_ATTRIBUTE 1
| /* end confdefs.h.  */
|  void __attribute__((always_inline)) test(){}
| 
configure:5978: result: no
configure:5984: checking if compiler allows __attribute__((fastcall)) 
configure:5991: armv7l-analogics-linux-gnueabi-gcc -c -Werror  -I/opt/analogics/am335x_sk/toolchain/include/SDL -D_GNU_SOURCE=1 -D_REENTRANT conftest.c >&5
conftest.c:36:2: error: 'fastcall' attribute directive ignored [-Werror=attributes]
  void __attribute__((fastcall)) test(){}
  ^
cc1: all warnings being treated as errors
configure:5991: $? = 1
configure: failed program was:
| /* confdefs.h */
| #define PACKAGE_NAME "dosbox"
| #define PACKAGE_TARNAME "dosbox"
| #define PACKAGE_VERSION "SVN"
| #define PACKAGE_STRING "dosbox SVN"
| #define PACKAGE_BUGREPORT ""
| #define PACKAGE_URL ""
| #define PACKAGE "dosbox"
| #define VERSION "SVN"
| #define STDC_HEADERS 1
| #define HAVE_SYS_TYPES_H 1
| #define HAVE_SYS_STAT_H 1
| #define HAVE_STDLIB_H 1
| #define HAVE_STRING_H 1
| #define HAVE_MEMORY_H 1
| #define HAVE_STRINGS_H 1
| #define HAVE_INTTYPES_H 1
| #define HAVE_STDINT_H 1
| #define HAVE_UNISTD_H 1
| #define SIZEOF_UNSIGNED_CHAR 1
| #define SIZEOF_UNSIGNED_SHORT 2
| #define SIZEOF_UNSIGNED_INT 4
| #define SIZEOF_UNSIGNED_LONG 4
| #define SIZEOF_UNSIGNED_LONG_LONG 8
| #define SIZEOF_INT_P 4
| #define HAVE_STDLIB_H 1
| #define HAVE_SYS_TYPES_H 1
| #define HAVE_SYS_SOCKET_H 1
| #define HAVE_NETINET_IN_H 1
| #define HAVE_PWD_H 1
| #define ENVIRON_INCLUDED 1
| #define ENVIRON_LINKED 1
| #define DIRENT_HAS_D_TYPE 1
| #define C_HAS_ATTRIBUTE 1
| /* end confdefs.h.  */
|  void __attribute__((fastcall)) test(){}
| 
configure:5996: result: no
configure:6014: checking if compiler allows __builtin_expect
configure:6030: armv7l-analogics-linux-gnueabi-g++ -c -g -O2  -I/opt/analogics/am335x_sk/toolchain/include/SDL -D_GNU_SOURCE=1 -D_REENTRANT conftest.cpp >&5
configure:6030: $? = 0
configure:6031: result: yes
configure:6089: checking for ALSA CFLAGS
configure:6095: result: 
configure:6098: checking for ALSA LDFLAGS
configure:6111: result:  -lasound -lm -ldl -lpthread
configure:6115: checking for libasound headers version >= 0.9.0
configure:6177: armv7l-analogics-linux-gnueabi-gcc -c -g -O2  -I/opt/analogics/am335x_sk/toolchain/include/SDL -D_GNU_SOURCE=1 -D_REENTRANT conftest.c >&5
configure:6177: $? = 0
configure:6178: result: found.
configure:6195: checking for snd_ctl_open in -lasound
configure:6220: armv7l-analogics-linux-gnueabi-gcc -o conftest -g -O2  -I/opt/analogics/am335x_sk/toolchain/include/SDL -D_GNU_SOURCE=1 -D_REENTRANT  conftest.c -lasound   -lasound -lm -ldl -lpthread -L/opt/analogics/am335x_sk/toolchain/lib -Wl,-rpath,/opt/analogics/am335x_sk/toolchain/lib -lSDL >&5
configure:6220: $? = 0
configure:6229: result: yes
configure:6269: checking whether byte ordering is bigendian
configure:6284: armv7l-analogics-linux-gnueabi-gcc -c -g -O2  -I/opt/analogics/am335x_sk/toolchain/include/SDL -D_GNU_SOURCE=1 -D_REENTRANT conftest.c >&5
conftest.c:40:9: error: unknown type name 'not'
         not a universal capable compiler
         ^
conftest.c:40:15: error: expected '=', ',', ';', 'asm' or '__attribute__' before 'universal'
         not a universal capable compiler
               ^
conftest.c:40:15: error: unknown type name 'universal'
configure:6284: $? = 1
configure: failed program was:
| /* confdefs.h */
| #define PACKAGE_NAME "dosbox"
| #define PACKAGE_TARNAME "dosbox"
| #define PACKAGE_VERSION "SVN"
| #define PACKAGE_STRING "dosbox SVN"
| #define PACKAGE_BUGREPORT ""
| #define PACKAGE_URL ""
| #define PACKAGE "dosbox"
| #define VERSION "SVN"
| #define STDC_HEADERS 1
| #define HAVE_SYS_TYPES_H 1
| #define HAVE_SYS_STAT_H 1
| #define HAVE_STDLIB_H 1
| #define HAVE_STRING_H 1
| #define HAVE_MEMORY_H 1
| #define HAVE_STRINGS_H 1
| #define HAVE_INTTYPES_H 1
| #define HAVE_STDINT_H 1
| #define HAVE_UNISTD_H 1
| #define SIZEOF_UNSIGNED_CHAR 1
| #define SIZEOF_UNSIGNED_SHORT 2
| #define SIZEOF_UNSIGNED_INT 4
| #define SIZEOF_UNSIGNED_LONG 4
| #define SIZEOF_UNSIGNED_LONG_LONG 8
| #define SIZEOF_INT_P 4
| #define HAVE_STDLIB_H 1
| #define HAVE_SYS_TYPES_H 1
| #define HAVE_SYS_SOCKET_H 1
| #define HAVE_NETINET_IN_H 1
| #define HAVE_PWD_H 1
| #define ENVIRON_INCLUDED 1
| #define ENVIRON_LINKED 1
| #define DIRENT_HAS_D_TYPE 1
| #define C_HAS_ATTRIBUTE 1
| #define C_HAS_BUILTIN_EXPECT 1
| #define HAVE_LIBASOUND 1
| #define HAVE_ALSA 1
| /* end confdefs.h.  */
| #ifndef __APPLE_CC__
| 	       not a universal capable compiler
| 	     #endif
| 	     typedef int dummy;
| 
configure:6329: armv7l-analogics-linux-gnueabi-gcc -c -g -O2  -I/opt/analogics/am335x_sk/toolchain/include/SDL -D_GNU_SOURCE=1 -D_REENTRANT conftest.c >&5
configure:6329: $? = 0
configure:6347: armv7l-analogics-linux-gnueabi-gcc -c -g -O2  -I/opt/analogics/am335x_sk/toolchain/include/SDL -D_GNU_SOURCE=1 -D_REENTRANT conftest.c >&5
conftest.c: In function 'main':
conftest.c:46:4: error: unknown type name 'not'
    not big endian
    ^
conftest.c:46:12: error: expected '=', ',', ';', 'asm' or '__attribute__' before 'endian'
    not big endian
            ^
configure:6347: $? = 1
configure: failed program was:
| /* confdefs.h */
| #define PACKAGE_NAME "dosbox"
| #define PACKAGE_TARNAME "dosbox"
| #define PACKAGE_VERSION "SVN"
| #define PACKAGE_STRING "dosbox SVN"
| #define PACKAGE_BUGREPORT ""
| #define PACKAGE_URL ""
| #define PACKAGE "dosbox"
| #define VERSION "SVN"
| #define STDC_HEADERS 1
| #define HAVE_SYS_TYPES_H 1
| #define HAVE_SYS_STAT_H 1
| #define HAVE_STDLIB_H 1
| #define HAVE_STRING_H 1
| #define HAVE_MEMORY_H 1
| #define HAVE_STRINGS_H 1
| #define HAVE_INTTYPES_H 1
| #define HAVE_STDINT_H 1
| #define HAVE_UNISTD_H 1
| #define SIZEOF_UNSIGNED_CHAR 1
| #define SIZEOF_UNSIGNED_SHORT 2
| #define SIZEOF_UNSIGNED_INT 4
| #define SIZEOF_UNSIGNED_LONG 4
| #define SIZEOF_UNSIGNED_LONG_LONG 8
| #define SIZEOF_INT_P 4
| #define HAVE_STDLIB_H 1
| #define HAVE_SYS_TYPES_H 1
| #define HAVE_SYS_SOCKET_H 1
| #define HAVE_NETINET_IN_H 1
| #define HAVE_PWD_H 1
| #define ENVIRON_INCLUDED 1
| #define ENVIRON_LINKED 1
| #define DIRENT_HAS_D_TYPE 1
| #define C_HAS_ATTRIBUTE 1
| #define C_HAS_BUILTIN_EXPECT 1
| #define HAVE_LIBASOUND 1
| #define HAVE_ALSA 1
| /* end confdefs.h.  */
| #include <sys/types.h>
| 		#include <sys/param.h>
| 
| int
| main ()
| {
| #if BYTE_ORDER != BIG_ENDIAN
| 		 not big endian
| 		#endif
| 
|   ;
|   return 0;
| }
configure:6475: result: no
configure:6677: checking for target cpu type
configure:6715: result: unknown
configure:6737: checking whether x86 dynamic cpu core will be enabled
configure:6749: result: no
configure:6762: checking whether recompiling cpu core will be enabled
configure:6785: result: no
configure:6799: checking whether fpu emulation will be enabled
configure:6802: result: yes
configure:6819: checking whether x86 assembly fpu core will be enabled
configure:6832: result: no
configure:6849: checking whether to enable unaligned memory access
configure:6857: result: no
configure:6862: checking png.h usability
configure:6862: armv7l-analogics-linux-gnueabi-gcc -c -g -O2  -I/opt/analogics/am335x_sk/toolchain/include/SDL -D_GNU_SOURCE=1 -D_REENTRANT conftest.c >&5
configure:6862: $? = 0
configure:6862: result: yes
configure:6862: checking png.h presence
configure:6862: armv7l-analogics-linux-gnueabi-gcc -E  -I/opt/analogics/am335x_sk/toolchain/include/SDL -D_GNU_SOURCE=1 -D_REENTRANT conftest.c
configure:6862: $? = 0
configure:6862: result: yes
configure:6862: checking for png.h
configure:6862: result: yes
configure:6868: checking for png_get_io_ptr in -lpng
configure:6893: armv7l-analogics-linux-gnueabi-gcc -o conftest -g -O2  -I/opt/analogics/am335x_sk/toolchain/include/SDL -D_GNU_SOURCE=1 -D_REENTRANT  conftest.c -lpng -lz -lasound -lm -ldl -lpthread -L/opt/analogics/am335x_sk/toolchain/lib -Wl,-rpath,/opt/analogics/am335x_sk/toolchain/lib -lSDL >&5
configure:6893: $? = 0
configure:6902: result: yes
configure:6919: checking SDL_net.h usability
configure:6919: armv7l-analogics-linux-gnueabi-gcc -c -g -O2  -I/opt/analogics/am335x_sk/toolchain/include/SDL -D_GNU_SOURCE=1 -D_REENTRANT conftest.c >&5
conftest.c:75:21: fatal error: SDL_net.h: No such file or directory
 #include <SDL_net.h>
                     ^
compilation terminated.
configure:6919: $? = 1
configure: failed program was:
| /* confdefs.h */
| #define PACKAGE_NAME "dosbox"
| #define PACKAGE_TARNAME "dosbox"
| #define PACKAGE_VERSION "SVN"
| #define PACKAGE_STRING "dosbox SVN"
| #define PACKAGE_BUGREPORT ""
| #define PACKAGE_URL ""
| #define PACKAGE "dosbox"
| #define VERSION "SVN"
| #define STDC_HEADERS 1
| #define HAVE_SYS_TYPES_H 1
| #define HAVE_SYS_STAT_H 1
| #define HAVE_STDLIB_H 1
| #define HAVE_STRING_H 1
| #define HAVE_MEMORY_H 1
| #define HAVE_STRINGS_H 1
| #define HAVE_INTTYPES_H 1
| #define HAVE_STDINT_H 1
| #define HAVE_UNISTD_H 1
| #define SIZEOF_UNSIGNED_CHAR 1
| #define SIZEOF_UNSIGNED_SHORT 2
| #define SIZEOF_UNSIGNED_INT 4
| #define SIZEOF_UNSIGNED_LONG 4
| #define SIZEOF_UNSIGNED_LONG_LONG 8
| #define SIZEOF_INT_P 4
| #define HAVE_STDLIB_H 1
| #define HAVE_SYS_TYPES_H 1
| #define HAVE_SYS_SOCKET_H 1
| #define HAVE_NETINET_IN_H 1
| #define HAVE_PWD_H 1
| #define ENVIRON_INCLUDED 1
| #define ENVIRON_LINKED 1
| #define DIRENT_HAS_D_TYPE 1
| #define C_HAS_ATTRIBUTE 1
| #define C_HAS_BUILTIN_EXPECT 1
| #define HAVE_LIBASOUND 1
| #define HAVE_ALSA 1
| #define C_TARGETCPU UNKNOWN
| #define C_FPU 1
| #define C_SSHOT 1
| /* end confdefs.h.  */
| #include <stdio.h>
| #ifdef HAVE_SYS_TYPES_H
| # include <sys/types.h>
| #endif
| #ifdef HAVE_SYS_STAT_H
| # include <sys/stat.h>
| #endif
| #ifdef STDC_HEADERS
| # include <stdlib.h>
| # include <stddef.h>
| #else
| # ifdef HAVE_STDLIB_H
| #  include <stdlib.h>
| # endif
| #endif
| #ifdef HAVE_STRING_H
| # if !defined STDC_HEADERS && defined HAVE_MEMORY_H
| #  include <memory.h>
| # endif
| # include <string.h>
| #endif
| #ifdef HAVE_STRINGS_H
| # include <strings.h>
| #endif
| #ifdef HAVE_INTTYPES_H
| # include <inttypes.h>
| #endif
| #ifdef HAVE_STDINT_H
| # include <stdint.h>
| #endif
| #ifdef HAVE_UNISTD_H
| # include <unistd.h>
| #endif
| #include <SDL_net.h>
configure:6919: result: no
configure:6919: checking SDL_net.h presence
configure:6919: armv7l-analogics-linux-gnueabi-gcc -E  -I/opt/analogics/am335x_sk/toolchain/include/SDL -D_GNU_SOURCE=1 -D_REENTRANT conftest.c
conftest.c:42:21: fatal error: SDL_net.h: No such file or directory
 #include <SDL_net.h>
                     ^
compilation terminated.
configure:6919: $? = 1
configure: failed program was:
| /* confdefs.h */
| #define PACKAGE_NAME "dosbox"
| #define PACKAGE_TARNAME "dosbox"
| #define PACKAGE_VERSION "SVN"
| #define PACKAGE_STRING "dosbox SVN"
| #define PACKAGE_BUGREPORT ""
| #define PACKAGE_URL ""
| #define PACKAGE "dosbox"
| #define VERSION "SVN"
| #define STDC_HEADERS 1
| #define HAVE_SYS_TYPES_H 1
| #define HAVE_SYS_STAT_H 1
| #define HAVE_STDLIB_H 1
| #define HAVE_STRING_H 1
| #define HAVE_MEMORY_H 1
| #define HAVE_STRINGS_H 1
| #define HAVE_INTTYPES_H 1
| #define HAVE_STDINT_H 1
| #define HAVE_UNISTD_H 1
| #define SIZEOF_UNSIGNED_CHAR 1
| #define SIZEOF_UNSIGNED_SHORT 2
| #define SIZEOF_UNSIGNED_INT 4
| #define SIZEOF_UNSIGNED_LONG 4
| #define SIZEOF_UNSIGNED_LONG_LONG 8
| #define SIZEOF_INT_P 4
| #define HAVE_STDLIB_H 1
| #define HAVE_SYS_TYPES_H 1
| #define HAVE_SYS_SOCKET_H 1
| #define HAVE_NETINET_IN_H 1
| #define HAVE_PWD_H 1
| #define ENVIRON_INCLUDED 1
| #define ENVIRON_LINKED 1
| #define DIRENT_HAS_D_TYPE 1
| #define C_HAS_ATTRIBUTE 1
| #define C_HAS_BUILTIN_EXPECT 1
| #define HAVE_LIBASOUND 1
| #define HAVE_ALSA 1
| #define C_TARGETCPU UNKNOWN
| #define C_FPU 1
| #define C_SSHOT 1
| /* end confdefs.h.  */
| #include <SDL_net.h>
configure:6919: result: no
configure:6919: checking for SDL_net.h
configure:6919: result: no
configure:6955: checking for SDLNet_Init in -lSDL_net
configure:6980: armv7l-analogics-linux-gnueabi-gcc -o conftest -g -O2  -I/opt/analogics/am335x_sk/toolchain/include/SDL -D_GNU_SOURCE=1 -D_REENTRANT  conftest.c -lSDL_net  -lasound -lm -ldl -lpthread -L/opt/analogics/am335x_sk/toolchain/lib -Wl,-rpath,/opt/analogics/am335x_sk/toolchain/lib -lSDL -lpng -lz >&5
/opt/analogics/am335x_sk/toolchain/bin/../lib/gcc/armv7l-analogics-linux-gnueabi/4.8.2/../../../../armv7l-analogics-linux-gnueabi/bin/ld: cannot find -lSDL_net
collect2: error: ld returned 1 exit status
configure:6980: $? = 1
configure: failed program was:
| /* confdefs.h */
| #define PACKAGE_NAME "dosbox"
| #define PACKAGE_TARNAME "dosbox"
| #define PACKAGE_VERSION "SVN"
| #define PACKAGE_STRING "dosbox SVN"
| #define PACKAGE_BUGREPORT ""
| #define PACKAGE_URL ""
| #define PACKAGE "dosbox"
| #define VERSION "SVN"
| #define STDC_HEADERS 1
| #define HAVE_SYS_TYPES_H 1
| #define HAVE_SYS_STAT_H 1
| #define HAVE_STDLIB_H 1
| #define HAVE_STRING_H 1
| #define HAVE_MEMORY_H 1
| #define HAVE_STRINGS_H 1
| #define HAVE_INTTYPES_H 1
| #define HAVE_STDINT_H 1
| #define HAVE_UNISTD_H 1
| #define SIZEOF_UNSIGNED_CHAR 1
| #define SIZEOF_UNSIGNED_SHORT 2
| #define SIZEOF_UNSIGNED_INT 4
| #define SIZEOF_UNSIGNED_LONG 4
| #define SIZEOF_UNSIGNED_LONG_LONG 8
| #define SIZEOF_INT_P 4
| #define HAVE_STDLIB_H 1
| #define HAVE_SYS_TYPES_H 1
| #define HAVE_SYS_SOCKET_H 1
| #define HAVE_NETINET_IN_H 1
| #define HAVE_PWD_H 1
| #define ENVIRON_INCLUDED 1
| #define ENVIRON_LINKED 1
| #define DIRENT_HAS_D_TYPE 1
| #define C_HAS_ATTRIBUTE 1
| #define C_HAS_BUILTIN_EXPECT 1
| #define HAVE_LIBASOUND 1
| #define HAVE_ALSA 1
| #define C_TARGETCPU UNKNOWN
| #define C_FPU 1
| #define C_SSHOT 1
| /* end confdefs.h.  */
| 
| /* Override any GCC internal prototype to avoid an error.
|    Use char because int might match the return type of a GCC
|    builtin and then its argument prototype would still apply.  */
| #ifdef __cplusplus
| extern "C"
| #endif
| char SDLNet_Init ();
| int
| main ()
| {
| return SDLNet_Init ();
|   ;
|   return 0;
| }
configure:6989: result: no
configure:7003: WARNING: Can't find SDL_net, internal modem and ipx disabled
configure:7008: checking for main in -lX11
configure:7027: armv7l-analogics-linux-gnueabi-gcc -o conftest -g -O2  -I/opt/analogics/am335x_sk/toolchain/include/SDL -D_GNU_SOURCE=1 -D_REENTRANT  conftest.c -lX11  -lasound -lm -ldl -lpthread -L/opt/analogics/am335x_sk/toolchain/lib -Wl,-rpath,/opt/analogics/am335x_sk/toolchain/lib -lSDL -lpng -lz >&5
configure:7027: $? = 0
configure:7036: result: yes
configure:7044: checking X11/XKBlib.h usability
configure:7044: armv7l-analogics-linux-gnueabi-gcc -c -g -O2  -I/opt/analogics/am335x_sk/toolchain/include/SDL -D_GNU_SOURCE=1 -D_REENTRANT conftest.c >&5
configure:7044: $? = 0
configure:7044: result: yes
configure:7044: checking X11/XKBlib.h presence
configure:7044: armv7l-analogics-linux-gnueabi-gcc -E  -I/opt/analogics/am335x_sk/toolchain/include/SDL -D_GNU_SOURCE=1 -D_REENTRANT conftest.c
configure:7044: $? = 0
configure:7044: result: yes
configure:7044: checking for X11/XKBlib.h
configure:7044: result: yes
configure:7052: checking for XKBlib support
configure:7058: result: yes
configure:7066: checking for main in -lGL
configure:7085: armv7l-analogics-linux-gnueabi-gcc -o conftest -g -O2  -I/opt/analogics/am335x_sk/toolchain/include/SDL -D_GNU_SOURCE=1 -D_REENTRANT  conftest.c -lGL  -lasound -lm -ldl -lpthread -L/opt/analogics/am335x_sk/toolchain/lib -Wl,-rpath,/opt/analogics/am335x_sk/toolchain/lib -lSDL -lpng -lz -lX11 >&5
configure:7085: $? = 0
configure:7094: result: yes
configure:7102: checking for main in -lopengl32
configure:7121: armv7l-analogics-linux-gnueabi-gcc -o conftest -g -O2  -I/opt/analogics/am335x_sk/toolchain/include/SDL -D_GNU_SOURCE=1 -D_REENTRANT  conftest.c -lopengl32  -lasound -lm -ldl -lpthread -L/opt/analogics/am335x_sk/toolchain/lib -Wl,-rpath,/opt/analogics/am335x_sk/toolchain/lib -lSDL -lpng -lz -lX11 >&5
/opt/analogics/am335x_sk/toolchain/bin/../lib/gcc/armv7l-analogics-linux-gnueabi/4.8.2/../../../../armv7l-analogics-linux-gnueabi/bin/ld: cannot find -lopengl32
collect2: error: ld returned 1 exit status
configure:7121: $? = 1
configure: failed program was:
| /* confdefs.h */
| #define PACKAGE_NAME "dosbox"
| #define PACKAGE_TARNAME "dosbox"
| #define PACKAGE_VERSION "SVN"
| #define PACKAGE_STRING "dosbox SVN"
| #define PACKAGE_BUGREPORT ""
| #define PACKAGE_URL ""
| #define PACKAGE "dosbox"
| #define VERSION "SVN"
| #define STDC_HEADERS 1
| #define HAVE_SYS_TYPES_H 1
| #define HAVE_SYS_STAT_H 1
| #define HAVE_STDLIB_H 1
| #define HAVE_STRING_H 1
| #define HAVE_MEMORY_H 1
| #define HAVE_STRINGS_H 1
| #define HAVE_INTTYPES_H 1
| #define HAVE_STDINT_H 1
| #define HAVE_UNISTD_H 1
| #define SIZEOF_UNSIGNED_CHAR 1
| #define SIZEOF_UNSIGNED_SHORT 2
| #define SIZEOF_UNSIGNED_INT 4
| #define SIZEOF_UNSIGNED_LONG 4
| #define SIZEOF_UNSIGNED_LONG_LONG 8
| #define SIZEOF_INT_P 4
| #define HAVE_STDLIB_H 1
| #define HAVE_SYS_TYPES_H 1
| #define HAVE_SYS_SOCKET_H 1
| #define HAVE_NETINET_IN_H 1
| #define HAVE_PWD_H 1
| #define ENVIRON_INCLUDED 1
| #define ENVIRON_LINKED 1
| #define DIRENT_HAS_D_TYPE 1
| #define C_HAS_ATTRIBUTE 1
| #define C_HAS_BUILTIN_EXPECT 1
| #define HAVE_LIBASOUND 1
| #define HAVE_ALSA 1
| #define C_TARGETCPU UNKNOWN
| #define C_FPU 1
| #define C_SSHOT 1
| #define C_X11_XKB 1
| /* end confdefs.h.  */
| 
| 
| int
| main ()
| {
| return main ();
|   ;
|   return 0;
| }
configure:7130: result: no
configure:7138: checking GL/gl.h usability
configure:7138: armv7l-analogics-linux-gnueabi-gcc -c -g -O2  -I/opt/analogics/am335x_sk/toolchain/include/SDL -D_GNU_SOURCE=1 -D_REENTRANT conftest.c >&5
configure:7138: $? = 0
configure:7138: result: yes
configure:7138: checking GL/gl.h presence
configure:7138: armv7l-analogics-linux-gnueabi-gcc -E  -I/opt/analogics/am335x_sk/toolchain/include/SDL -D_GNU_SOURCE=1 -D_REENTRANT conftest.c
configure:7138: $? = 0
configure:7138: result: yes
configure:7138: checking for GL/gl.h
configure:7138: result: yes
configure:7153: checking whether opengl display output will be enabled
configure:7186: checking SDL_sound.h usability
configure:7186: armv7l-analogics-linux-gnueabi-gcc -c -g -O2  -I/opt/analogics/am335x_sk/toolchain/include/SDL -D_GNU_SOURCE=1 -D_REENTRANT conftest.c >&5
conftest.c:76:23: fatal error: SDL_sound.h: No such file or directory
 #include <SDL_sound.h>
                       ^
compilation terminated.
configure:7186: $? = 1
configure: failed program was:
| /* confdefs.h */
| #define PACKAGE_NAME "dosbox"
| #define PACKAGE_TARNAME "dosbox"
| #define PACKAGE_VERSION "SVN"
| #define PACKAGE_STRING "dosbox SVN"
| #define PACKAGE_BUGREPORT ""
| #define PACKAGE_URL ""
| #define PACKAGE "dosbox"
| #define VERSION "SVN"
| #define STDC_HEADERS 1
| #define HAVE_SYS_TYPES_H 1
| #define HAVE_SYS_STAT_H 1
| #define HAVE_STDLIB_H 1
| #define HAVE_STRING_H 1
| #define HAVE_MEMORY_H 1
| #define HAVE_STRINGS_H 1
| #define HAVE_INTTYPES_H 1
| #define HAVE_STDINT_H 1
| #define HAVE_UNISTD_H 1
| #define SIZEOF_UNSIGNED_CHAR 1
| #define SIZEOF_UNSIGNED_SHORT 2
| #define SIZEOF_UNSIGNED_INT 4
| #define SIZEOF_UNSIGNED_LONG 4
| #define SIZEOF_UNSIGNED_LONG_LONG 8
| #define SIZEOF_INT_P 4
| #define HAVE_STDLIB_H 1
| #define HAVE_SYS_TYPES_H 1
| #define HAVE_SYS_SOCKET_H 1
| #define HAVE_NETINET_IN_H 1
| #define HAVE_PWD_H 1
| #define ENVIRON_INCLUDED 1
| #define ENVIRON_LINKED 1
| #define DIRENT_HAS_D_TYPE 1
| #define C_HAS_ATTRIBUTE 1
| #define C_HAS_BUILTIN_EXPECT 1
| #define HAVE_LIBASOUND 1
| #define HAVE_ALSA 1
| #define C_TARGETCPU UNKNOWN
| #define C_FPU 1
| #define C_SSHOT 1
| #define C_X11_XKB 1
| /* end confdefs.h.  */
| #include <stdio.h>
| #ifdef HAVE_SYS_TYPES_H
| # include <sys/types.h>
| #endif
| #ifdef HAVE_SYS_STAT_H
| # include <sys/stat.h>
| #endif
| #ifdef STDC_HEADERS
| # include <stdlib.h>
| # include <stddef.h>
| #else
| # ifdef HAVE_STDLIB_H
| #  include <stdlib.h>
| # endif
| #endif
| #ifdef HAVE_STRING_H
| # if !defined STDC_HEADERS && defined HAVE_MEMORY_H
| #  include <memory.h>
| # endif
| # include <string.h>
| #endif
| #ifdef HAVE_STRINGS_H
| # include <strings.h>
| #endif
| #ifdef HAVE_INTTYPES_H
| # include <inttypes.h>
| #endif
| #ifdef HAVE_STDINT_H
| # include <stdint.h>
| #endif
| #ifdef HAVE_UNISTD_H
| # include <unistd.h>
| #endif
| #include <SDL_sound.h>
configure:7186: result: no
configure:7186: checking SDL_sound.h presence
configure:7186: armv7l-analogics-linux-gnueabi-gcc -E  -I/opt/analogics/am335x_sk/toolchain/include/SDL -D_GNU_SOURCE=1 -D_REENTRANT conftest.c
conftest.c:43:23: fatal error: SDL_sound.h: No such file or directory
 #include <SDL_sound.h>
                       ^
compilation terminated.
configure:7186: $? = 1
configure: failed program was:
| /* confdefs.h */
| #define PACKAGE_NAME "dosbox"
| #define PACKAGE_TARNAME "dosbox"
| #define PACKAGE_VERSION "SVN"
| #define PACKAGE_STRING "dosbox SVN"
| #define PACKAGE_BUGREPORT ""
| #define PACKAGE_URL ""
| #define PACKAGE "dosbox"
| #define VERSION "SVN"
| #define STDC_HEADERS 1
| #define HAVE_SYS_TYPES_H 1
| #define HAVE_SYS_STAT_H 1
| #define HAVE_STDLIB_H 1
| #define HAVE_STRING_H 1
| #define HAVE_MEMORY_H 1
| #define HAVE_STRINGS_H 1
| #define HAVE_INTTYPES_H 1
| #define HAVE_STDINT_H 1
| #define HAVE_UNISTD_H 1
| #define SIZEOF_UNSIGNED_CHAR 1
| #define SIZEOF_UNSIGNED_SHORT 2
| #define SIZEOF_UNSIGNED_INT 4
| #define SIZEOF_UNSIGNED_LONG 4
| #define SIZEOF_UNSIGNED_LONG_LONG 8
| #define SIZEOF_INT_P 4
| #define HAVE_STDLIB_H 1
| #define HAVE_SYS_TYPES_H 1
| #define HAVE_SYS_SOCKET_H 1
| #define HAVE_NETINET_IN_H 1
| #define HAVE_PWD_H 1
| #define ENVIRON_INCLUDED 1
| #define ENVIRON_LINKED 1
| #define DIRENT_HAS_D_TYPE 1
| #define C_HAS_ATTRIBUTE 1
| #define C_HAS_BUILTIN_EXPECT 1
| #define HAVE_LIBASOUND 1
| #define HAVE_ALSA 1
| #define C_TARGETCPU UNKNOWN
| #define C_FPU 1
| #define C_SSHOT 1
| #define C_X11_XKB 1
| /* end confdefs.h.  */
| #include <SDL_sound.h>
configure:7186: result: no
configure:7186: checking for SDL_sound.h
configure:7186: result: no
configure:7192: checking for Sound_Init in -lSDL_sound
configure:7217: armv7l-analogics-linux-gnueabi-gcc -o conftest -g -O2  -I/opt/analogics/am335x_sk/toolchain/include/SDL -D_GNU_SOURCE=1 -D_REENTRANT  conftest.c -lSDL_sound  -lasound -lm -ldl -lpthread -L/opt/analogics/am335x_sk/toolchain/lib -Wl,-rpath,/opt/analogics/am335x_sk/toolchain/lib -lSDL -lpng -lz -lX11 >&5
/opt/analogics/am335x_sk/toolchain/bin/../lib/gcc/armv7l-analogics-linux-gnueabi/4.8.2/../../../../armv7l-analogics-linux-gnueabi/bin/ld: cannot find -lSDL_sound
collect2: error: ld returned 1 exit status
configure:7217: $? = 1
configure: failed program was:
| /* confdefs.h */
| #define PACKAGE_NAME "dosbox"
| #define PACKAGE_TARNAME "dosbox"
| #define PACKAGE_VERSION "SVN"
| #define PACKAGE_STRING "dosbox SVN"
| #define PACKAGE_BUGREPORT ""
| #define PACKAGE_URL ""
| #define PACKAGE "dosbox"
| #define VERSION "SVN"
| #define STDC_HEADERS 1
| #define HAVE_SYS_TYPES_H 1
| #define HAVE_SYS_STAT_H 1
| #define HAVE_STDLIB_H 1
| #define HAVE_STRING_H 1
| #define HAVE_MEMORY_H 1
| #define HAVE_STRINGS_H 1
| #define HAVE_INTTYPES_H 1
| #define HAVE_STDINT_H 1
| #define HAVE_UNISTD_H 1
| #define SIZEOF_UNSIGNED_CHAR 1
| #define SIZEOF_UNSIGNED_SHORT 2
| #define SIZEOF_UNSIGNED_INT 4
| #define SIZEOF_UNSIGNED_LONG 4
| #define SIZEOF_UNSIGNED_LONG_LONG 8
| #define SIZEOF_INT_P 4
| #define HAVE_STDLIB_H 1
| #define HAVE_SYS_TYPES_H 1
| #define HAVE_SYS_SOCKET_H 1
| #define HAVE_NETINET_IN_H 1
| #define HAVE_PWD_H 1
| #define ENVIRON_INCLUDED 1
| #define ENVIRON_LINKED 1
| #define DIRENT_HAS_D_TYPE 1
| #define C_HAS_ATTRIBUTE 1
| #define C_HAS_BUILTIN_EXPECT 1
| #define HAVE_LIBASOUND 1
| #define HAVE_ALSA 1
| #define C_TARGETCPU UNKNOWN
| #define C_FPU 1
| #define C_SSHOT 1
| #define C_X11_XKB 1
| /* end confdefs.h.  */
| 
| /* Override any GCC internal prototype to avoid an error.
|    Use char because int might match the return type of a GCC
|    builtin and then its argument prototype would still apply.  */
| #ifdef __cplusplus
| extern "C"
| #endif
| char Sound_Init ();
| int
| main ()
| {
| return Sound_Init ();
|   ;
|   return 0;
| }
configure:7226: result: no
configure:7232: checking for Sound_Seek in -lSDL_sound
configure:7257: armv7l-analogics-linux-gnueabi-gcc -o conftest -g -O2  -I/opt/analogics/am335x_sk/toolchain/include/SDL -D_GNU_SOURCE=1 -D_REENTRANT  conftest.c -lSDL_sound  -lasound -lm -ldl -lpthread -L/opt/analogics/am335x_sk/toolchain/lib -Wl,-rpath,/opt/analogics/am335x_sk/toolchain/lib -lSDL -lpng -lz -lX11 >&5
/opt/analogics/am335x_sk/toolchain/bin/../lib/gcc/armv7l-analogics-linux-gnueabi/4.8.2/../../../../armv7l-analogics-linux-gnueabi/bin/ld: cannot find -lSDL_sound
collect2: error: ld returned 1 exit status
configure:7257: $? = 1
configure: failed program was:
| /* confdefs.h */
| #define PACKAGE_NAME "dosbox"
| #define PACKAGE_TARNAME "dosbox"
| #define PACKAGE_VERSION "SVN"
| #define PACKAGE_STRING "dosbox SVN"
| #define PACKAGE_BUGREPORT ""
| #define PACKAGE_URL ""
| #define PACKAGE "dosbox"
| #define VERSION "SVN"
| #define STDC_HEADERS 1
| #define HAVE_SYS_TYPES_H 1
| #define HAVE_SYS_STAT_H 1
| #define HAVE_STDLIB_H 1
| #define HAVE_STRING_H 1
| #define HAVE_MEMORY_H 1
| #define HAVE_STRINGS_H 1
| #define HAVE_INTTYPES_H 1
| #define HAVE_STDINT_H 1
| #define HAVE_UNISTD_H 1
| #define SIZEOF_UNSIGNED_CHAR 1
| #define SIZEOF_UNSIGNED_SHORT 2
| #define SIZEOF_UNSIGNED_INT 4
| #define SIZEOF_UNSIGNED_LONG 4
| #define SIZEOF_UNSIGNED_LONG_LONG 8
| #define SIZEOF_INT_P 4
| #define HAVE_STDLIB_H 1
| #define HAVE_SYS_TYPES_H 1
| #define HAVE_SYS_SOCKET_H 1
| #define HAVE_NETINET_IN_H 1
| #define HAVE_PWD_H 1
| #define ENVIRON_INCLUDED 1
| #define ENVIRON_LINKED 1
| #define DIRENT_HAS_D_TYPE 1
| #define C_HAS_ATTRIBUTE 1
| #define C_HAS_BUILTIN_EXPECT 1
| #define HAVE_LIBASOUND 1
| #define HAVE_ALSA 1
| #define C_TARGETCPU UNKNOWN
| #define C_FPU 1
| #define C_SSHOT 1
| #define C_X11_XKB 1
| /* end confdefs.h.  */
| 
| /* Override any GCC internal prototype to avoid an error.
|    Use char because int might match the return type of a GCC
|    builtin and then its argument prototype would still apply.  */
| #ifdef __cplusplus
| extern "C"
| #endif
| char Sound_Seek ();
| int
| main ()
| {
| return Sound_Seek ();
|   ;
|   return 0;
| }
configure:7266: result: no
configure:7282: WARNING: Can't find libSDL_sound, libSDL_sound support disabled
configure:7287: checking sys/mman.h usability
configure:7287: armv7l-analogics-linux-gnueabi-gcc -c -g -O2  -I/opt/analogics/am335x_sk/toolchain/include/SDL -D_GNU_SOURCE=1 -D_REENTRANT conftest.c >&5
configure:7287: $? = 0
configure:7287: result: yes
configure:7287: checking sys/mman.h presence
configure:7287: armv7l-analogics-linux-gnueabi-gcc -E  -I/opt/analogics/am335x_sk/toolchain/include/SDL -D_GNU_SOURCE=1 -D_REENTRANT conftest.c
configure:7287: $? = 0
configure:7287: result: yes
configure:7287: checking for sys/mman.h
configure:7287: result: yes
configure:7290: checking for mprotect
configure:7290: armv7l-analogics-linux-gnueabi-gcc -o conftest -g -O2  -I/opt/analogics/am335x_sk/toolchain/include/SDL -D_GNU_SOURCE=1 -D_REENTRANT  conftest.c -lasound -lm -ldl -lpthread -L/opt/analogics/am335x_sk/toolchain/lib -Wl,-rpath,/opt/analogics/am335x_sk/toolchain/lib -lSDL -lpng -lz -lX11 >&5
configure:7290: $? = 0
configure:7290: result: yes
configure:7302: checking for setpriority support
configure:7313: armv7l-analogics-linux-gnueabi-gcc -o conftest -g -O2  -I/opt/analogics/am335x_sk/toolchain/include/SDL -D_GNU_SOURCE=1 -D_REENTRANT  conftest.c -lasound -lm -ldl -lpthread -L/opt/analogics/am335x_sk/toolchain/lib -Wl,-rpath,/opt/analogics/am335x_sk/toolchain/lib -lSDL -lpng -lz -lX11 >&5
configure:7313: $? = 0
configure:7314: result: yes
configure:7602: checking that generated files are newer than configure
configure:7608: result: done
configure:7640: creating ./config.status

## ---------------------- ##
## Running config.status. ##
## ---------------------- ##

This file was extended by dosbox config.status SVN, which was
generated by GNU Autoconf 2.69.  Invocation command line was

  CONFIG_FILES    = 
  CONFIG_HEADERS  = 
  CONFIG_LINKS    = 
  CONFIG_COMMANDS = 
  $ ./config.status 

on pessimist

config.status:924: creating Makefile
config.status:924: creating src/Makefile
config.status:924: creating src/cpu/Makefile
config.status:924: creating src/cpu/core_full/Makefile
config.status:924: creating src/cpu/core_normal/Makefile
config.status:924: creating src/cpu/core_dyn_x86/Makefile
config.status:924: creating src/cpu/core_dynrec/Makefile
config.status:924: creating src/debug/Makefile
config.status:924: creating src/dos/Makefile
config.status:924: creating src/fpu/Makefile
config.status:924: creating src/gui/Makefile
config.status:924: creating src/hardware/Makefile
config.status:924: creating src/hardware/serialport/Makefile
config.status:924: creating src/ints/Makefile
config.status:924: creating src/libs/Makefile
config.status:924: creating src/libs/zmbv/Makefile
config.status:924: creating src/libs/gui_tk/Makefile
config.status:924: creating src/misc/Makefile
config.status:924: creating src/shell/Makefile
config.status:924: creating src/platform/Makefile
config.status:924: creating src/platform/visualc/Makefile
config.status:924: creating visualc_net/Makefile
config.status:924: creating include/Makefile
config.status:924: creating docs/Makefile
config.status:924: creating config.h
config.status:1153: executing depfiles commands
configure:8975: WARNING: unrecognized options: --without-alsa, --without-sdltest, --without-opengl

## ---------------- ##
## Cache variables. ##
## ---------------- ##

ac_cv_build=i386-pc-linux-gnu
ac_cv_c_bigendian=no
ac_cv_c_compiler_gnu=yes
ac_cv_c_const=yes
ac_cv_c_inline=inline
ac_cv_cxx_compiler_gnu=yes
ac_cv_env_CCC_set=
ac_cv_env_CCC_value=
ac_cv_env_CC_set=set
ac_cv_env_CC_value=armv7l-analogics-linux-gnueabi-gcc
ac_cv_env_CFLAGS_set=
ac_cv_env_CFLAGS_value=
ac_cv_env_CPPFLAGS_set=
ac_cv_env_CPPFLAGS_value=
ac_cv_env_CPP_set=
ac_cv_env_CPP_value=
ac_cv_env_CXXFLAGS_set=
ac_cv_env_CXXFLAGS_value=
ac_cv_env_CXX_set=set
ac_cv_env_CXX_value=armv7l-analogics-linux-gnueabi-g++
ac_cv_env_LDFLAGS_set=
ac_cv_env_LDFLAGS_value=
ac_cv_env_LIBS_set=
ac_cv_env_LIBS_value=
ac_cv_env_build_alias_set=set
ac_cv_env_build_alias_value=i386-linux
ac_cv_env_host_alias_set=set
ac_cv_env_host_alias_value=armv7l-analogics-linux-gnueabi
ac_cv_env_target_alias_set=set
ac_cv_env_target_alias_value=armv7l-analogics-linux-gnueabi
ac_cv_func_mprotect=yes
ac_cv_header_GL_gl_h=yes
ac_cv_header_SDL_net_h=no
ac_cv_header_SDL_sound_h=no
ac_cv_header_X11_XKBlib_h=yes
ac_cv_header_inttypes_h=yes
ac_cv_header_memory_h=yes
ac_cv_header_netinet_in_h=yes
ac_cv_header_png_h=yes
ac_cv_header_pwd_h=yes
ac_cv_header_stdc=yes
ac_cv_header_stdint_h=yes
ac_cv_header_stdlib_h=yes
ac_cv_header_string_h=yes
ac_cv_header_strings_h=yes
ac_cv_header_sys_mman_h=yes
ac_cv_header_sys_socket_h=yes
ac_cv_header_sys_stat_h=yes
ac_cv_header_sys_types_h=yes
ac_cv_header_unistd_h=yes
ac_cv_host=armv7l-analogics-linux-gnueabi
ac_cv_lib_GL_main=yes
ac_cv_lib_SDL_net_SDLNet_Init=no
ac_cv_lib_SDL_sound_Sound_Init=no
ac_cv_lib_SDL_sound_Sound_Seek=no
ac_cv_lib_X11_main=yes
ac_cv_lib_asound_snd_ctl_open=yes
ac_cv_lib_opengl32_main=no
ac_cv_lib_png_png_get_io_ptr=yes
ac_cv_objext=o
ac_cv_path_EGREP='/bin/grep -E'
ac_cv_path_GREP=/bin/grep
ac_cv_path_SDL_CONFIG=/opt/analogics/am335x_sk/toolchain/bin/sdl-config
ac_cv_path_install='/usr/bin/install -c'
ac_cv_path_mkdir=/bin/mkdir
ac_cv_prog_AWK=mawk
ac_cv_prog_CC=armv7l-analogics-linux-gnueabi-gcc
ac_cv_prog_CPP='armv7l-analogics-linux-gnueabi-gcc -E'
ac_cv_prog_RANLIB=armv7l-analogics-linux-gnueabi-ranlib
ac_cv_prog_STRIP=armv7l-analogics-linux-gnueabi-strip
ac_cv_prog_cc_c89=
ac_cv_prog_cc_g=yes
ac_cv_prog_cxx_g=yes
ac_cv_prog_make_make_set=yes
ac_cv_sizeof_int_p=4
ac_cv_sizeof_unsigned_char=1
ac_cv_sizeof_unsigned_int=4
ac_cv_sizeof_unsigned_long=4
ac_cv_sizeof_unsigned_long_long=8
ac_cv_sizeof_unsigned_short=2
ac_cv_struct_tm=time.h
ac_cv_type_size_t=yes
am_cv_CC_dependencies_compiler_type=gcc3
am_cv_CXX_dependencies_compiler_type=gcc3
am_cv_make_support_nested_variables=yes
am_cv_prog_cc_c_o=yes

## ----------------- ##
## Output variables. ##
## ----------------- ##

ACLOCAL='${SHELL} /home/ganesh/dosbox-svn/missing aclocal-1.14'
ALSA_CFLAGS=''
ALSA_LIBS=' -lasound -lm -ldl -lpthread'
AMDEPBACKSLASH='\'
AMDEP_FALSE='#'
AMDEP_TRUE=''
AMTAR='$${TAR-tar}'
AM_BACKSLASH='\'
AM_DEFAULT_V='$(AM_DEFAULT_VERBOSITY)'
AM_DEFAULT_VERBOSITY='1'
AM_V='$(V)'
AUTOCONF='${SHELL} /home/ganesh/dosbox-svn/missing autoconf'
AUTOHEADER='${SHELL} /home/ganesh/dosbox-svn/missing autoheader'
AUTOMAKE='${SHELL} /home/ganesh/dosbox-svn/missing automake-1.14'
AWK='mawk'
CC='armv7l-analogics-linux-gnueabi-gcc'
CCDEPMODE='depmode=gcc3'
CFLAGS='-g -O2'
CPP='armv7l-analogics-linux-gnueabi-gcc -E'
CPPFLAGS=' -I/opt/analogics/am335x_sk/toolchain/include/SDL -D_GNU_SOURCE=1 -D_REENTRANT'
CXX='armv7l-analogics-linux-gnueabi-g++'
CXXDEPMODE='depmode=gcc3'
CXXFLAGS='-g -O2 '
CYGPATH_W='echo'
DEFS='-DHAVE_CONFIG_H'
DEPDIR='.deps'
ECHO_C=''
ECHO_N='-n'
ECHO_T=''
EGREP='/bin/grep -E'
EXEEXT=''
GREP='/bin/grep'
HAVE_WINDRES_FALSE=''
HAVE_WINDRES_TRUE='#'
INSTALL_DATA='${INSTALL} -m 644'
INSTALL_PROGRAM='${INSTALL}'
INSTALL_SCRIPT='${INSTALL}'
INSTALL_STRIP_PROGRAM='$(install_sh) -c -s'
LDFLAGS=''
LIBOBJS=''
LIBS='-lasound -lm -ldl -lpthread -L/opt/analogics/am335x_sk/toolchain/lib -Wl,-rpath,/opt/analogics/am335x_sk/toolchain/lib -lSDL -lpng -lz -lX11'
LTLIBOBJS=''
MAKEINFO='${SHELL} /home/ganesh/dosbox-svn/missing makeinfo'
MKDIR_P='/bin/mkdir -p'
OBJEXT='o'
PACKAGE='dosbox'
PACKAGE_BUGREPORT=''
PACKAGE_NAME='dosbox'
PACKAGE_STRING='dosbox SVN'
PACKAGE_TARNAME='dosbox'
PACKAGE_URL=''
PACKAGE_VERSION='SVN'
PATH_SEPARATOR=':'
RANLIB='armv7l-analogics-linux-gnueabi-ranlib'
SDL_CFLAGS='-I/opt/analogics/am335x_sk/toolchain/include/SDL -D_GNU_SOURCE=1 -D_REENTRANT'
SDL_CONFIG='/opt/analogics/am335x_sk/toolchain/bin/sdl-config'
SDL_LIBS='-L/opt/analogics/am335x_sk/toolchain/lib -Wl,-rpath,/opt/analogics/am335x_sk/toolchain/lib -lSDL -lpthread'
SET_MAKE=''
SHELL='/bin/bash'
STRIP='armv7l-analogics-linux-gnueabi-strip'
VERSION='SVN'
WINDRES=':'
ac_ct_CC=''
ac_ct_CXX=''
am__EXEEXT_FALSE=''
am__EXEEXT_TRUE='#'
am__fastdepCC_FALSE='#'
am__fastdepCC_TRUE=''
am__fastdepCXX_FALSE='#'
am__fastdepCXX_TRUE=''
am__include='include'
am__isrc=''
am__leading_dot='.'
am__nodep='_no'
am__quote=''
am__tar='$${TAR-tar} chof - "$$tardir"'
am__untar='$${TAR-tar} xf -'
bindir='${exec_prefix}/bin'
build='i386-pc-linux-gnu'
build_alias='i386-linux'
build_cpu='i386'
build_os='linux-gnu'
build_vendor='pc'
datadir='${datarootdir}'
datarootdir='${prefix}/share'
docdir='${datarootdir}/doc/${PACKAGE_TARNAME}'
dvidir='${docdir}'
exec_prefix='${prefix}'
host='armv7l-analogics-linux-gnueabi'
host_alias='armv7l-analogics-linux-gnueabi'
host_cpu='armv7l'
host_os='linux-gnueabi'
host_vendor='analogics'
htmldir='${docdir}'
includedir='${prefix}/include'
infodir='${datarootdir}/info'
install_sh='${SHELL} /home/ganesh/dosbox-svn/install-sh'
libdir='${exec_prefix}/lib'
libexecdir='${exec_prefix}/libexec'
localedir='${datarootdir}/locale'
localstatedir='${prefix}/var'
mandir='${datarootdir}/man'
mkdir_p='$(MKDIR_P)'
oldincludedir='/usr/include'
pdfdir='${docdir}'
prefix='/home/ganesh/dosbox-svn/335x'
program_transform_name='s,x,x,'
psdir='${docdir}'
sbindir='${exec_prefix}/sbin'
sharedstatedir='${prefix}/com'
sysconfdir='${prefix}/etc'
target_alias='armv7l-analogics-linux-gnueabi'

## ----------- ##
## confdefs.h. ##
## ----------- ##

/* confdefs.h */
#define PACKAGE_NAME "dosbox"
#define PACKAGE_TARNAME "dosbox"
#define PACKAGE_VERSION "SVN"
#define PACKAGE_STRING "dosbox SVN"
#define PACKAGE_BUGREPORT ""
#define PACKAGE_URL ""
#define PACKAGE "dosbox"
#define VERSION "SVN"
#define STDC_HEADERS 1
#define HAVE_SYS_TYPES_H 1
#define HAVE_SYS_STAT_H 1
#define HAVE_STDLIB_H 1
#define HAVE_STRING_H 1
#define HAVE_MEMORY_H 1
#define HAVE_STRINGS_H 1
#define HAVE_INTTYPES_H 1
#define HAVE_STDINT_H 1
#define HAVE_UNISTD_H 1
#define SIZEOF_UNSIGNED_CHAR 1
#define SIZEOF_UNSIGNED_SHORT 2
#define SIZEOF_UNSIGNED_INT 4
#define SIZEOF_UNSIGNED_LONG 4
#define SIZEOF_UNSIGNED_LONG_LONG 8
#define SIZEOF_INT_P 4
#define HAVE_STDLIB_H 1
#define HAVE_SYS_TYPES_H 1
#define HAVE_SYS_SOCKET_H 1
#define HAVE_NETINET_IN_H 1
#define HAVE_PWD_H 1
#define ENVIRON_INCLUDED 1
#define ENVIRON_LINKED 1
#define DIRENT_HAS_D_TYPE 1
#define C_HAS_ATTRIBUTE 1
#define C_HAS_BUILTIN_EXPECT 1
#define HAVE_LIBASOUND 1
#define HAVE_ALSA 1
#define C_TARGETCPU UNKNOWN
#define C_FPU 1
#define C_SSHOT 1
#define C_X11_XKB 1
#define C_HAVE_MPROTECT 1
#define C_SET_PRIORITY 1
#define LINUX 1
#define C_DIRECTSERIAL 1

configure: exit 0
